[2022-11-25 10:44:51,834] Running step: step_mobilenet_streamline [1/13]
[2022-11-25 10:44:53,067] Running step: step_mobilenet_lower_convs [2/13]
[2022-11-25 10:44:53,110] Running step: step_mobilenet_convert_to_hls_layers_separate_th [3/13]
[2022-11-25 10:44:53,185] /workspace/finn/src/finn/custom_op/fpgadataflow/thresholding_batch.py:125: UserWarning: inputDataType changing for Thresholding_Batch_MultiThreshold_1: INT32 -> INT16
[2022-11-25 10:44:53,185]   warnings.warn(warn_str)
[2022-11-25 10:44:53,186] /workspace/finn/src/finn/custom_op/fpgadataflow/thresholding_batch.py:125: UserWarning: inputDataType changing for Thresholding_Batch_MultiThreshold_3: INT32 -> INT16
[2022-11-25 10:44:53,186]   warnings.warn(warn_str)
[2022-11-25 10:44:53,212] /workspace/finn/src/finn/custom_op/fpgadataflow/thresholding_batch.py:125: UserWarning: inputDataType changing for Thresholding_Batch_MultiThreshold_0: INT32 -> INT24
[2022-11-25 10:44:53,212]   warnings.warn(warn_str)
[2022-11-25 10:44:53,214] /workspace/finn/src/finn/custom_op/fpgadataflow/thresholding_batch.py:125: UserWarning: inputDataType changing for Thresholding_Batch_MultiThreshold_2: INT32 -> INT16
[2022-11-25 10:44:53,214]   warnings.warn(warn_str)
[2022-11-25 10:44:53,242] Running step: step_create_dataflow_partition [4/13]
[2022-11-25 10:44:53,280] Running step: step_apply_folding_config [5/13]
[2022-11-25 10:44:53,291] /workspace/qonnx/src/qonnx/transformation/general.py:326: UserWarning:
[2022-11-25 10:44:53,291] Unused HW configurations: StreamingFIFO_0, StreamingDataWidthConverter_Batch_0, StreamingFIFO_3, StreamingDataWidthConverter_Batch_1, StreamingDataWidthConverter_Batch_2, StreamingFIFO_6, StreamingDataWidthConverter_Batch_3, StreamingFIFO_8, StreamingFIFO_10, StreamingDataWidthConverter_Batch_4, StreamingDataWidthConverter_Batch_5, StreamingDataWidthConverter_Batch_6, StreamingDataWidthConverter_Batch_7, StreamingFIFO_17, StreamingDataWidthConverter_Batch_8, StreamingFIFO_19, StreamingDataWidthConverter_Batch_9, StreamingDataWidthConverter_Batch_10, StreamingFIFO_24, StreamingDataWidthConverter_Batch_11, Thresholding_Batch_4, StreamingFIFO_27, FMPadding_Batch_2, StreamingDataWidthConverter_Batch_12, StreamingFIFO_29, ConvolutionInputGenerator_3, VectorVectorActivation_2, StreamingDataWidthConverter_Batch_13, Thresholding_Batch_5, StreamingDataWidthConverter_Batch_14, StreamingFIFO_34, MatrixVectorActivation_3, StreamingDataWidthConverter_Batch_15, Thresholding_Batch_6, StreamingFIFO_37, FMPadding_Batch_3, StreamingDataWidthConverter_Batch_16, StreamingFIFO_39, ConvolutionInputGenerator_4, VectorVectorActivation_3, StreamingDataWidthConverter_Batch_17, Thresholding_Batch_7, StreamingDataWidthConverter_Batch_18, StreamingFIFO_44, MatrixVectorActivation_4, StreamingDataWidthConverter_Batch_19, Thresholding_Batch_8, StreamingFIFO_47, FMPadding_Batch_4, StreamingDataWidthConverter_Batch_20, StreamingFIFO_49, ConvolutionInputGenerator_5, VectorVectorActivation_4, StreamingDataWidthConverter_Batch_21, Thresholding_Batch_9, StreamingDataWidthConverter_Batch_22, StreamingFIFO_54, MatrixVectorActivation_5, StreamingDataWidthConverter_Batch_23, Thresholding_Batch_10, StreamingFIFO_57, FMPadding_Batch_5, StreamingDataWidthConverter_Batch_24, StreamingFIFO_59, ConvolutionInputGenerator_6, VectorVectorActivation_5, StreamingDataWidthConverter_Batch_25, Thresholding_Batch_11, StreamingDataWidthConverter_Batch_26, StreamingFIFO_64, MatrixVectorActivation_6, StreamingDataWidthConverter_Batch_27, Thresholding_Batch_12, StreamingFIFO_67, FMPadding_Batch_6, StreamingDataWidthConverter_Batch_28, StreamingFIFO_69, ConvolutionInputGenerator_7, VectorVectorActivation_6, StreamingDataWidthConverter_Batch_29, Thresholding_Batch_13, StreamingDataWidthConverter_Batch_30, StreamingFIFO_74, MatrixVectorActivation_7, StreamingDataWidthConverter_Batch_31, Thresholding_Batch_14, StreamingFIFO_77, FMPadding_Batch_7, StreamingDataWidthConverter_Batch_32, StreamingFIFO_79, ConvolutionInputGenerator_8, VectorVectorActivation_7, StreamingDataWidthConverter_Batch_33, Thresholding_Batch_15, StreamingDataWidthConverter_Batch_34, StreamingFIFO_84, MatrixVectorActivation_8, StreamingDataWidthConverter_Batch_35, Thresholding_Batch_16, StreamingFIFO_87, FMPadding_Batch_8, StreamingDataWidthConverter_Batch_36, StreamingFIFO_89, ConvolutionInputGenerator_9, VectorVectorActivation_8, StreamingDataWidthConverter_Batch_37, Thresholding_Batch_17, StreamingDataWidthConverter_Batch_38, StreamingFIFO_94, MatrixVectorActivation_9, StreamingDataWidthConverter_Batch_39, Thresholding_Batch_18, StreamingFIFO_97, FMPadding_Batch_9, StreamingDataWidthConverter_Batch_40, StreamingFIFO_99, ConvolutionInputGenerator_10, VectorVectorActivation_9, StreamingDataWidthConverter_Batch_41, Thresholding_Batch_19, StreamingDataWidthConverter_Batch_42, StreamingFIFO_104, MatrixVectorActivation_10, StreamingDataWidthConverter_Batch_43, Thresholding_Batch_20, StreamingFIFO_107, FMPadding_Batch_10, StreamingDataWidthConverter_Batch_44, StreamingFIFO_109, ConvolutionInputGenerator_11, VectorVectorActivation_10, StreamingDataWidthConverter_Batch_45, Thresholding_Batch_21, StreamingDataWidthConverter_Batch_46, StreamingFIFO_114, MatrixVectorActivation_11, StreamingDataWidthConverter_Batch_47, Thresholding_Batch_22, StreamingFIFO_117, FMPadding_Batch_11, StreamingFIFO_118, ConvolutionInputGenerator_12, VectorVectorActivation_11, Thresholding_Batch_23, StreamingDataWidthConverter_Batch_48, StreamingFIFO_122, MatrixVectorActivation_12, StreamingDataWidthConverter_Batch_49, Thresholding_Batch_24, StreamingFIFO_125, FMPadding_Batch_12, StreamingDataWidthConverter_Batch_50, StreamingFIFO_127, ConvolutionInputGenerator_13, VectorVectorActivation_12, StreamingDataWidthConverter_Batch_51, Thresholding_Batch_25, StreamingDataWidthConverter_Batch_52, StreamingFIFO_132, MatrixVectorActivation_13, StreamingDataWidthConverter_Batch_53, Thresholding_Batch_26, ConvolutionInputGenerator_14, Pool_Batch_0, StreamingDataWidthConverter_Batch_54, MatrixVectorActivation_14, ChannelwiseOp_Batch_0, LabelSelect_Batch_0
[2022-11-25 10:44:53,291]   warnings.warn("\nUnused HW configurations: " + ", ".join(unused_configs))
[2022-11-25 10:44:53,298] Running step: step_generate_estimate_reports [6/13]
[2022-11-25 10:44:53,329] Running step: step_hls_codegen [7/13]
[2022-11-25 10:44:54,161] Running step: step_hls_ipgen [8/13]
[2022-11-25 10:46:49,673] Running step: step_set_fifo_depths [9/13]
[2022-11-25 10:46:50,186] /workspace/finn/src/finn/transformation/fpgadataflow/prepare_ip.py:57: UserWarning: Using pre-existing code for ConvolutionInputGenerator_0
[2022-11-25 10:46:50,186]   warnings.warn("Using pre-existing code for %s" % node.name)
[2022-11-25 10:46:50,227] /workspace/finn/src/finn/transformation/fpgadataflow/prepare_ip.py:57: UserWarning: Using pre-existing code for MatrixVectorActivation_0
[2022-11-25 10:46:50,227]   warnings.warn("Using pre-existing code for %s" % node.name)
[2022-11-25 10:46:50,267] /workspace/finn/src/finn/transformation/fpgadataflow/prepare_ip.py:57: UserWarning: Using pre-existing code for Thresholding_Batch_0
[2022-11-25 10:46:50,267]   warnings.warn("Using pre-existing code for %s" % node.name)
[2022-11-25 10:46:50,314] /workspace/finn/src/finn/transformation/fpgadataflow/prepare_ip.py:57: UserWarning: Using pre-existing code for FMPadding_Batch_0
[2022-11-25 10:46:50,314]   warnings.warn("Using pre-existing code for %s" % node.name)
[2022-11-25 10:46:50,354] /workspace/finn/src/finn/transformation/fpgadataflow/prepare_ip.py:57: UserWarning: Using pre-existing code for ConvolutionInputGenerator_1
[2022-11-25 10:46:50,354]   warnings.warn("Using pre-existing code for %s" % node.name)
[2022-11-25 10:46:50,370] /workspace/finn/src/finn/transformation/fpgadataflow/prepare_ip.py:57: UserWarning: Using pre-existing code for VectorVectorActivation_0
[2022-11-25 10:46:50,370]   warnings.warn("Using pre-existing code for %s" % node.name)
[2022-11-25 10:46:50,417] /workspace/finn/src/finn/transformation/fpgadataflow/prepare_ip.py:57: UserWarning: Using pre-existing code for Thresholding_Batch_1
[2022-11-25 10:46:50,417]   warnings.warn("Using pre-existing code for %s" % node.name)
[2022-11-25 10:46:50,488] /workspace/finn/src/finn/transformation/fpgadataflow/prepare_ip.py:57: UserWarning: Using pre-existing code for MatrixVectorActivation_1
[2022-11-25 10:46:50,488]   warnings.warn("Using pre-existing code for %s" % node.name)
[2022-11-25 10:46:50,562] /workspace/finn/src/finn/transformation/fpgadataflow/prepare_ip.py:57: UserWarning: Using pre-existing code for Thresholding_Batch_2
[2022-11-25 10:46:50,562]   warnings.warn("Using pre-existing code for %s" % node.name)
[2022-11-25 10:46:50,624] /workspace/finn/src/finn/transformation/fpgadataflow/prepare_ip.py:57: UserWarning: Using pre-existing code for FMPadding_Batch_1
[2022-11-25 10:46:50,624]   warnings.warn("Using pre-existing code for %s" % node.name)
[2022-11-25 10:46:50,697] /workspace/finn/src/finn/transformation/fpgadataflow/prepare_ip.py:57: UserWarning: Using pre-existing code for ConvolutionInputGenerator_2
[2022-11-25 10:46:50,698]   warnings.warn("Using pre-existing code for %s" % node.name)
[2022-11-25 10:46:50,707] /workspace/finn/src/finn/transformation/fpgadataflow/prepare_ip.py:57: UserWarning: Using pre-existing code for VectorVectorActivation_1
[2022-11-25 10:46:50,707]   warnings.warn("Using pre-existing code for %s" % node.name)
[2022-11-25 10:46:50,754] /workspace/finn/src/finn/transformation/fpgadataflow/prepare_ip.py:57: UserWarning: Using pre-existing code for Thresholding_Batch_3
[2022-11-25 10:46:50,754]   warnings.warn("Using pre-existing code for %s" % node.name)
[2022-11-25 10:46:50,798] /workspace/finn/src/finn/transformation/fpgadataflow/prepare_ip.py:57: UserWarning: Using pre-existing code for MatrixVectorActivation_2
[2022-11-25 10:46:50,798]   warnings.warn("Using pre-existing code for %s" % node.name)
[2022-11-25 10:46:50,904] /workspace/finn/src/finn/transformation/fpgadataflow/hlssynth_ip.py:71: UserWarning: Using pre-existing IP for Thresholding_Batch_3
[2022-11-25 10:46:50,905]   warnings.warn("Using pre-existing IP for %s" % node.name)
[2022-11-25 10:46:50,905] /workspace/finn/src/finn/transformation/fpgadataflow/hlssynth_ip.py:71: UserWarning: Using pre-existing IP for MatrixVectorActivation_2
[2022-11-25 10:46:50,906]   warnings.warn("Using pre-existing IP for %s" % node.name)
[2022-11-25 10:46:50,907] /workspace/finn/src/finn/transformation/fpgadataflow/hlssynth_ip.py:71: UserWarning: Using pre-existing IP for VectorVectorActivation_1
[2022-11-25 10:46:50,908] /workspace/finn/src/finn/transformation/fpgadataflow/hlssynth_ip.py:71: UserWarning: Using pre-existing IP for ConvolutionInputGenerator_2
[2022-11-25 10:46:50,908]   warnings.warn("Using pre-existing IP for %s" % node.name)
[2022-11-25 10:46:50,909]   warnings.warn("Using pre-existing IP for %s" % node.name)
[2022-11-25 10:47:15,200] /workspace/finn/src/finn/transformation/fpgadataflow/hlssynth_ip.py:71: UserWarning: Using pre-existing IP for FMPadding_Batch_1
[2022-11-25 10:47:15,200]   warnings.warn("Using pre-existing IP for %s" % node.name)
[2022-11-25 10:47:15,213] /workspace/finn/src/finn/transformation/fpgadataflow/hlssynth_ip.py:71: UserWarning: Using pre-existing IP for Thresholding_Batch_2
[2022-11-25 10:47:15,213]   warnings.warn("Using pre-existing IP for %s" % node.name)
[2022-11-25 10:47:32,325] /workspace/finn/src/finn/transformation/fpgadataflow/hlssynth_ip.py:71: UserWarning: Using pre-existing IP for MatrixVectorActivation_1
[2022-11-25 10:47:32,326]   warnings.warn("Using pre-existing IP for %s" % node.name)
[2022-11-25 10:47:38,951] /workspace/finn/src/finn/transformation/fpgadataflow/hlssynth_ip.py:71: UserWarning: Using pre-existing IP for Thresholding_Batch_1
[2022-11-25 10:47:38,952]   warnings.warn("Using pre-existing IP for %s" % node.name)
[2022-11-25 10:47:39,147] /workspace/finn/src/finn/transformation/fpgadataflow/hlssynth_ip.py:71: UserWarning: Using pre-existing IP for VectorVectorActivation_0
[2022-11-25 10:47:39,147]   warnings.warn("Using pre-existing IP for %s" % node.name)
[2022-11-25 10:47:39,208] /workspace/finn/src/finn/transformation/fpgadataflow/hlssynth_ip.py:71: UserWarning: Using pre-existing IP for ConvolutionInputGenerator_1
[2022-11-25 10:47:39,208]   warnings.warn("Using pre-existing IP for %s" % node.name)
[2022-11-25 10:48:02,910] /workspace/finn/src/finn/transformation/fpgadataflow/hlssynth_ip.py:71: UserWarning: Using pre-existing IP for FMPadding_Batch_0
[2022-11-25 10:48:02,912]   warnings.warn("Using pre-existing IP for %s" % node.name)
[2022-11-25 10:48:03,179] /workspace/finn/src/finn/transformation/fpgadataflow/hlssynth_ip.py:71: UserWarning: Using pre-existing IP for Thresholding_Batch_0
[2022-11-25 10:48:03,179]   warnings.warn("Using pre-existing IP for %s" % node.name)
[2022-11-25 10:48:26,742] /workspace/finn/src/finn/transformation/fpgadataflow/hlssynth_ip.py:71: UserWarning: Using pre-existing IP for MatrixVectorActivation_0
[2022-11-25 10:48:26,743]   warnings.warn("Using pre-existing IP for %s" % node.name)
[2022-11-25 10:48:27,435] /workspace/finn/src/finn/transformation/fpgadataflow/hlssynth_ip.py:71: UserWarning: Using pre-existing IP for ConvolutionInputGenerator_0
[2022-11-25 10:48:27,435]   warnings.warn("Using pre-existing IP for %s" % node.name)
[2022-11-25 10:49:20,197] /workspace/results/KV260_SOM/BatchNormalization_4_out0/vivado_stitch_proj_vj3j2zlg/finn_vivado_stitch_proj.srcs/sources_1/bd/finn_design
[2022-11-25 10:49:20,199] finn_design
[2022-11-25 10:50:00,302] /workspace/results/KV260_SOM/BatchNormalization_4_out0/vivado_stitch_proj_vj3j2zlg/finn_vivado_stitch_proj.srcs/sources_1/bd/finn_design/hdl/finn_design_wrapper.v
[2022-11-25 10:50:03,667] %Warning-UNOPTFLAT: /workspace/results/KV260_SOM/BatchNormalization_4_out0/vivado_stitch_proj_vj3j2zlg/finn_design_wrapper.v:20324: Signal unoptimizable: Feedback to clock or circular logic: finn_design_wrapper.finn_design_i.ConvolutionInputGenerator_1.inst.grp_ConvolutionInputGenerator_dws_fu_28.grp_load_fu_299_p1
[2022-11-25 10:50:03,668] %Warning-UNOPTFLAT: Use "/* verilator lint_off UNOPTFLAT */" and lint_on around source to disable this message.
[2022-11-25 10:50:03,669] %Warning-UNOPTFLAT:      Example path: /workspace/results/KV260_SOM/BatchNormalization_4_out0/vivado_stitch_proj_vj3j2zlg/finn_design_wrapper.v:20324:  finn_design_wrapper.finn_design_i.ConvolutionInputGenerator_1.inst.grp_ConvolutionInputGenerator_dws_fu_28.grp_load_fu_299_p1
[2022-11-25 10:50:03,669] %Warning-UNOPTFLAT:      Example path: /workspace/results/KV260_SOM/BatchNormalization_4_out0/vivado_stitch_proj_vj3j2zlg/finn_design_wrapper.v:21348:  ASSIGNW
[2022-11-25 10:50:03,669] %Warning-UNOPTFLAT:      Example path: /workspace/results/KV260_SOM/BatchNormalization_4_out0/vivado_stitch_proj_vj3j2zlg/finn_design_wrapper.v:20222:  finn_design_wrapper.finn_design_i.ConvolutionInputGenerator_1.inst.grp_ConvolutionInputGenerator_dws_fu_28.and_ln829_fu_630_p2
[2022-11-25 10:50:03,669] %Warning-UNOPTFLAT:      Example path: /workspace/results/KV260_SOM/BatchNormalization_4_out0/vivado_stitch_proj_vj3j2zlg/finn_design_wrapper.v:21087:  ALWAYS
[2022-11-25 10:50:03,669] %Warning-UNOPTFLAT:      Example path: /workspace/results/KV260_SOM/BatchNormalization_4_out0/vivado_stitch_proj_vj3j2zlg/finn_design_wrapper.v:20335:  finn_design_wrapper.finn_design_i.ConvolutionInputGenerator_1.inst.grp_ConvolutionInputGenerator_dws_fu_28.grp_load_fu_308_p1
[2022-11-25 10:50:03,670] %Warning-UNOPTFLAT:      Example path: /workspace/results/KV260_SOM/BatchNormalization_4_out0/vivado_stitch_proj_vj3j2zlg/finn_design_wrapper.v:21045:  ALWAYS
[2022-11-25 10:50:03,670] %Warning-UNOPTFLAT:      Example path: /workspace/results/KV260_SOM/BatchNormalization_4_out0/vivado_stitch_proj_vj3j2zlg/finn_design_wrapper.v:20324:  finn_design_wrapper.finn_design_i.ConvolutionInputGenerator_1.inst.grp_ConvolutionInputGenerator_dws_fu_28.grp_load_fu_299_p1
[2022-11-25 10:50:10,593] make: Entering directory '/workspace/results/KV260_SOM/BatchNormalization_4_out0/pyverilator_ipstitched_xkjpkj6s'
[2022-11-25 10:50:10,594] g++  -I.  -MMD -I/usr/share/verilator/include -I/usr/share/verilator/include/vltstd -DVL_PRINTF=printf -DVM_COVERAGE=0 -DVM_SC=0 -DVM_TRACE=1 -faligned-new -Wno-sign-compare -Wno-uninitialized -Wno-unused-but-set-variable -Wno-unused-parameter -Wno-unused-variable -Wno-shadow     -fPIC --std=c++11   -c -o pyverilator_wrapper.o /workspace/results/KV260_SOM/BatchNormalization_4_out0/pyverilator_ipstitched_xkjpkj6s/pyverilator_wrapper.cpp
[2022-11-25 10:50:10,595] g++  -I.  -MMD -I/usr/share/verilator/include -I/usr/share/verilator/include/vltstd -DVL_PRINTF=printf -DVM_COVERAGE=0 -DVM_SC=0 -DVM_TRACE=1 -faligned-new -Wno-sign-compare -Wno-uninitialized -Wno-unused-but-set-variable -Wno-unused-parameter -Wno-unused-variable -Wno-shadow     -fPIC --std=c++11   -c -o verilated.o /usr/share/verilator/include/verilated.cpp
[2022-11-25 10:50:10,595] g++  -I.  -MMD -I/usr/share/verilator/include -I/usr/share/verilator/include/vltstd -DVL_PRINTF=printf -DVM_COVERAGE=0 -DVM_SC=0 -DVM_TRACE=1 -faligned-new -Wno-sign-compare -Wno-uninitialized -Wno-unused-but-set-variable -Wno-unused-parameter -Wno-unused-variable -Wno-shadow     -fPIC --std=c++11   -c -o verilated_vcd_c.o /usr/share/verilator/include/verilated_vcd_c.cpp
[2022-11-25 10:50:10,595] /usr/bin/perl /usr/share/verilator/bin/verilator_includer -DVL_INCLUDE_OPT=include Vfinn_design_wrapper.cpp > Vfinn_design_wrapper__ALLcls.cpp
[2022-11-25 10:50:10,595] g++  -I.  -MMD -I/usr/share/verilator/include -I/usr/share/verilator/include/vltstd -DVL_PRINTF=printf -DVM_COVERAGE=0 -DVM_SC=0 -DVM_TRACE=1 -faligned-new -Wno-sign-compare -Wno-uninitialized -Wno-unused-but-set-variable -Wno-unused-parameter -Wno-unused-variable -Wno-shadow     -fPIC --std=c++11   -c -o Vfinn_design_wrapper__ALLcls.o Vfinn_design_wrapper__ALLcls.cpp
[2022-11-25 10:50:10,596] /usr/bin/perl /usr/share/verilator/bin/verilator_includer -DVL_INCLUDE_OPT=include Vfinn_design_wrapper__Trace.cpp Vfinn_design_wrapper__Syms.cpp Vfinn_design_wrapper__Trace__Slow.cpp > Vfinn_design_wrapper__ALLsup.cpp
[2022-11-25 10:50:10,596] g++  -I.  -MMD -I/usr/share/verilator/include -I/usr/share/verilator/include/vltstd -DVL_PRINTF=printf -DVM_COVERAGE=0 -DVM_SC=0 -DVM_TRACE=1 -faligned-new -Wno-sign-compare -Wno-uninitialized -Wno-unused-but-set-variable -Wno-unused-parameter -Wno-unused-variable -Wno-shadow     -fPIC --std=c++11   -c -o Vfinn_design_wrapper__ALLsup.o Vfinn_design_wrapper__ALLsup.cpp
[2022-11-25 10:50:10,596]       Archiving Vfinn_design_wrapper__ALL.a ...
[2022-11-25 10:50:10,596] ar r Vfinn_design_wrapper__ALL.a Vfinn_design_wrapper__ALLcls.o Vfinn_design_wrapper__ALLsup.o
[2022-11-25 10:50:10,597] ranlib Vfinn_design_wrapper__ALL.a
[2022-11-25 10:50:10,597] g++ -fPIC -shared pyverilator_wrapper.o verilated.o verilated_vcd_c.o Vfinn_design_wrapper__ALL.a    -o Vfinn_design_wrapper -lm -lstdc++  2>&1 | c++filt
[2022-11-25 10:50:10,597] make: Leaving directory '/workspace/results/KV260_SOM/BatchNormalization_4_out0/pyverilator_ipstitched_xkjpkj6s'
[2022-11-25 10:50:10,597] ar: creating Vfinn_design_wrapper__ALL.a
[2022-11-25 10:58:29,999] /workspace/finn/src/finn/transformation/fpgadataflow/prepare_ip.py:57: UserWarning: Using pre-existing code for ConvolutionInputGenerator_0
[2022-11-25 10:58:30,000]   warnings.warn("Using pre-existing code for %s" % node.name)
[2022-11-25 10:58:30,000] /workspace/finn/src/finn/transformation/fpgadataflow/prepare_ip.py:57: UserWarning: Using pre-existing code for StreamingDataWidthConverter_Batch_0
[2022-11-25 10:58:30,001]   warnings.warn("Using pre-existing code for %s" % node.name)
[2022-11-25 10:58:30,001] /workspace/finn/src/finn/transformation/fpgadataflow/prepare_ip.py:57: UserWarning: Using pre-existing code for MatrixVectorActivation_0
[2022-11-25 10:58:30,001]   warnings.warn("Using pre-existing code for %s" % node.name)
[2022-11-25 10:58:30,012] /workspace/finn/src/finn/transformation/fpgadataflow/prepare_ip.py:57: UserWarning: Using pre-existing code for StreamingDataWidthConverter_Batch_1
[2022-11-25 10:58:30,012]   warnings.warn("Using pre-existing code for %s" % node.name)
[2022-11-25 10:58:30,012] /workspace/finn/src/finn/transformation/fpgadataflow/prepare_ip.py:57: UserWarning: Using pre-existing code for Thresholding_Batch_0
[2022-11-25 10:58:30,012]   warnings.warn("Using pre-existing code for %s" % node.name)
[2022-11-25 10:58:30,013] /workspace/finn/src/finn/transformation/fpgadataflow/prepare_ip.py:57: UserWarning: Using pre-existing code for StreamingDataWidthConverter_Batch_2
[2022-11-25 10:58:30,013]   warnings.warn("Using pre-existing code for %s" % node.name)
[2022-11-25 10:58:30,030] /workspace/finn/src/finn/transformation/fpgadataflow/prepare_ip.py:57: UserWarning: Using pre-existing code for FMPadding_Batch_0
[2022-11-25 10:58:30,030]   warnings.warn("Using pre-existing code for %s" % node.name)
[2022-11-25 10:58:30,031] /workspace/finn/src/finn/transformation/fpgadataflow/prepare_ip.py:57: UserWarning: Using pre-existing code for StreamingDataWidthConverter_Batch_3
[2022-11-25 10:58:30,031]   warnings.warn("Using pre-existing code for %s" % node.name)
[2022-11-25 10:58:30,041] /workspace/finn/src/finn/transformation/fpgadataflow/prepare_ip.py:57: UserWarning: Using pre-existing code for ConvolutionInputGenerator_1
[2022-11-25 10:58:30,041]   warnings.warn("Using pre-existing code for %s" % node.name)
[2022-11-25 10:58:30,042] /workspace/finn/src/finn/transformation/fpgadataflow/prepare_ip.py:57: UserWarning: Using pre-existing code for VectorVectorActivation_0
[2022-11-25 10:58:30,042]   warnings.warn("Using pre-existing code for %s" % node.name)
[2022-11-25 10:58:30,054] /workspace/finn/src/finn/transformation/fpgadataflow/prepare_ip.py:57: UserWarning: Using pre-existing code for StreamingDataWidthConverter_Batch_4
[2022-11-25 10:58:30,054]   warnings.warn("Using pre-existing code for %s" % node.name)
[2022-11-25 10:58:30,055] /workspace/finn/src/finn/transformation/fpgadataflow/prepare_ip.py:57: UserWarning: Using pre-existing code for Thresholding_Batch_1
[2022-11-25 10:58:30,055]   warnings.warn("Using pre-existing code for %s" % node.name)
[2022-11-25 10:58:30,055] /workspace/finn/src/finn/transformation/fpgadataflow/prepare_ip.py:57: UserWarning: Using pre-existing code for StreamingDataWidthConverter_Batch_5
[2022-11-25 10:58:30,055]   warnings.warn("Using pre-existing code for %s" % node.name)
[2022-11-25 10:58:30,056] /workspace/finn/src/finn/transformation/fpgadataflow/prepare_ip.py:57: UserWarning: Using pre-existing code for MatrixVectorActivation_1
[2022-11-25 10:58:30,056]   warnings.warn("Using pre-existing code for %s" % node.name)
[2022-11-25 10:58:30,057] /workspace/finn/src/finn/transformation/fpgadataflow/prepare_ip.py:57: UserWarning: Using pre-existing code for StreamingDataWidthConverter_Batch_6
[2022-11-25 10:58:30,057]   warnings.warn("Using pre-existing code for %s" % node.name)
[2022-11-25 10:58:30,057] /workspace/finn/src/finn/transformation/fpgadataflow/prepare_ip.py:57: UserWarning: Using pre-existing code for Thresholding_Batch_2
[2022-11-25 10:58:30,057]   warnings.warn("Using pre-existing code for %s" % node.name)
[2022-11-25 10:58:30,058] /workspace/finn/src/finn/transformation/fpgadataflow/prepare_ip.py:57: UserWarning: Using pre-existing code for StreamingDataWidthConverter_Batch_7
[2022-11-25 10:58:30,058]   warnings.warn("Using pre-existing code for %s" % node.name)
[2022-11-25 10:58:30,075] /workspace/finn/src/finn/transformation/fpgadataflow/prepare_ip.py:57: UserWarning: Using pre-existing code for FMPadding_Batch_1
[2022-11-25 10:58:30,075]   warnings.warn("Using pre-existing code for %s" % node.name)
[2022-11-25 10:58:30,075] /workspace/finn/src/finn/transformation/fpgadataflow/prepare_ip.py:57: UserWarning: Using pre-existing code for StreamingDataWidthConverter_Batch_8
[2022-11-25 10:58:30,076]   warnings.warn("Using pre-existing code for %s" % node.name)
[2022-11-25 10:58:30,088] /workspace/finn/src/finn/transformation/fpgadataflow/prepare_ip.py:57: UserWarning: Using pre-existing code for ConvolutionInputGenerator_2
[2022-11-25 10:58:30,088]   warnings.warn("Using pre-existing code for %s" % node.name)
[2022-11-25 10:58:30,089] /workspace/finn/src/finn/transformation/fpgadataflow/prepare_ip.py:57: UserWarning: Using pre-existing code for VectorVectorActivation_1
[2022-11-25 10:58:30,089]   warnings.warn("Using pre-existing code for %s" % node.name)
[2022-11-25 10:58:30,089] /workspace/finn/src/finn/transformation/fpgadataflow/prepare_ip.py:57: UserWarning: Using pre-existing code for StreamingDataWidthConverter_Batch_9
[2022-11-25 10:58:30,089]   warnings.warn("Using pre-existing code for %s" % node.name)
[2022-11-25 10:58:30,090] /workspace/finn/src/finn/transformation/fpgadataflow/prepare_ip.py:57: UserWarning: Using pre-existing code for Thresholding_Batch_3
[2022-11-25 10:58:30,090]   warnings.warn("Using pre-existing code for %s" % node.name)
[2022-11-25 10:58:30,091] /workspace/finn/src/finn/transformation/fpgadataflow/prepare_ip.py:57: UserWarning: Using pre-existing code for StreamingDataWidthConverter_Batch_10
[2022-11-25 10:58:30,091]   warnings.warn("Using pre-existing code for %s" % node.name)
[2022-11-25 10:58:30,101] /workspace/finn/src/finn/transformation/fpgadataflow/prepare_ip.py:57: UserWarning: Using pre-existing code for MatrixVectorActivation_2
[2022-11-25 10:58:30,101]   warnings.warn("Using pre-existing code for %s" % node.name)
[2022-11-25 10:58:30,208] /workspace/finn/src/finn/transformation/fpgadataflow/hlssynth_ip.py:71: UserWarning: Using pre-existing IP for ConvolutionInputGenerator_2
[2022-11-25 10:58:30,208]   warnings.warn("Using pre-existing IP for %s" % node.name)
[2022-11-25 10:58:30,208] /workspace/finn/src/finn/transformation/fpgadataflow/hlssynth_ip.py:71: UserWarning: Using pre-existing IP for MatrixVectorActivation_2
[2022-11-25 10:58:30,209]   warnings.warn("Using pre-existing IP for %s" % node.name)
[2022-11-25 10:58:30,209] /workspace/finn/src/finn/transformation/fpgadataflow/hlssynth_ip.py:71: UserWarning: Using pre-existing IP for StreamingDataWidthConverter_Batch_10
[2022-11-25 10:58:30,209]   warnings.warn("Using pre-existing IP for %s" % node.name)
[2022-11-25 10:58:30,209] /workspace/finn/src/finn/transformation/fpgadataflow/hlssynth_ip.py:71: UserWarning: Using pre-existing IP for Thresholding_Batch_3
[2022-11-25 10:58:30,209] /workspace/finn/src/finn/transformation/fpgadataflow/hlssynth_ip.py:71: UserWarning: Using pre-existing IP for StreamingDataWidthConverter_Batch_9
[2022-11-25 10:58:30,210]   warnings.warn("Using pre-existing IP for %s" % node.name)
[2022-11-25 10:58:30,210]   warnings.warn("Using pre-existing IP for %s" % node.name)
[2022-11-25 10:58:30,210] /workspace/finn/src/finn/transformation/fpgadataflow/hlssynth_ip.py:71: UserWarning: Using pre-existing IP for VectorVectorActivation_1
[2022-11-25 10:58:30,211]   warnings.warn("Using pre-existing IP for %s" % node.name)
[2022-11-25 10:58:30,211] /workspace/finn/src/finn/transformation/fpgadataflow/hlssynth_ip.py:71: UserWarning: Using pre-existing IP for StreamingDataWidthConverter_Batch_7
[2022-11-25 10:58:30,212]   warnings.warn("Using pre-existing IP for %s" % node.name)
[2022-11-25 10:58:30,212] /workspace/finn/src/finn/transformation/fpgadataflow/hlssynth_ip.py:71: UserWarning: Using pre-existing IP for Thresholding_Batch_2
[2022-11-25 10:58:30,212]   warnings.warn("Using pre-existing IP for %s" % node.name)
[2022-11-25 10:58:30,211] /workspace/finn/src/finn/transformation/fpgadataflow/hlssynth_ip.py:71: UserWarning: Using pre-existing IP for FMPadding_Batch_1
[2022-11-25 10:58:30,212] /workspace/finn/src/finn/transformation/fpgadataflow/hlssynth_ip.py:71: UserWarning: Using pre-existing IP for StreamingDataWidthConverter_Batch_6
[2022-11-25 10:58:30,211] /workspace/finn/src/finn/transformation/fpgadataflow/hlssynth_ip.py:71: UserWarning: Using pre-existing IP for StreamingDataWidthConverter_Batch_8
[2022-11-25 10:58:30,212]   warnings.warn("Using pre-existing IP for %s" % node.name)
[2022-11-25 10:58:30,212]   warnings.warn("Using pre-existing IP for %s" % node.name)
[2022-11-25 10:58:30,212]   warnings.warn("Using pre-existing IP for %s" % node.name)
[2022-11-25 10:58:30,212] /workspace/finn/src/finn/transformation/fpgadataflow/hlssynth_ip.py:71: UserWarning: Using pre-existing IP for MatrixVectorActivation_1
[2022-11-25 10:58:30,213] /workspace/finn/src/finn/transformation/fpgadataflow/hlssynth_ip.py:71: UserWarning: Using pre-existing IP for StreamingDataWidthConverter_Batch_5
[2022-11-25 10:58:30,213] /workspace/finn/src/finn/transformation/fpgadataflow/hlssynth_ip.py:71: UserWarning: Using pre-existing IP for Thresholding_Batch_1
[2022-11-25 10:58:30,213]   warnings.warn("Using pre-existing IP for %s" % node.name)
[2022-11-25 10:58:30,213]   warnings.warn("Using pre-existing IP for %s" % node.name)
[2022-11-25 10:58:30,213]   warnings.warn("Using pre-existing IP for %s" % node.name)
[2022-11-25 10:58:30,213] /workspace/finn/src/finn/transformation/fpgadataflow/hlssynth_ip.py:71: UserWarning: Using pre-existing IP for StreamingDataWidthConverter_Batch_4
[2022-11-25 10:58:30,213]   warnings.warn("Using pre-existing IP for %s" % node.name)
[2022-11-25 10:58:30,214] /workspace/finn/src/finn/transformation/fpgadataflow/hlssynth_ip.py:71: UserWarning: Using pre-existing IP for VectorVectorActivation_0
[2022-11-25 10:58:30,214]   warnings.warn("Using pre-existing IP for %s" % node.name)
[2022-11-25 10:58:30,215] /workspace/finn/src/finn/transformation/fpgadataflow/hlssynth_ip.py:71: UserWarning: Using pre-existing IP for StreamingDataWidthConverter_Batch_3
[2022-11-25 10:58:30,215]   warnings.warn("Using pre-existing IP for %s" % node.name)
[2022-11-25 10:58:30,215] /workspace/finn/src/finn/transformation/fpgadataflow/hlssynth_ip.py:71: UserWarning: Using pre-existing IP for ConvolutionInputGenerator_1
[2022-11-25 10:58:30,215]   warnings.warn("Using pre-existing IP for %s" % node.name)
[2022-11-25 10:58:30,215] /workspace/finn/src/finn/transformation/fpgadataflow/hlssynth_ip.py:71: UserWarning: Using pre-existing IP for StreamingDataWidthConverter_Batch_2
[2022-11-25 10:58:30,215]   warnings.warn("Using pre-existing IP for %s" % node.name)
[2022-11-25 10:58:30,216] /workspace/finn/src/finn/transformation/fpgadataflow/hlssynth_ip.py:71: UserWarning: Using pre-existing IP for FMPadding_Batch_0
[2022-11-25 10:58:30,216]   warnings.warn("Using pre-existing IP for %s" % node.name)
[2022-11-25 10:58:30,216] /workspace/finn/src/finn/transformation/fpgadataflow/hlssynth_ip.py:71: UserWarning: Using pre-existing IP for Thresholding_Batch_0
[2022-11-25 10:58:30,216]   warnings.warn("Using pre-existing IP for %s" % node.name)
[2022-11-25 10:58:30,217] /workspace/finn/src/finn/transformation/fpgadataflow/hlssynth_ip.py:71: UserWarning: Using pre-existing IP for StreamingDataWidthConverter_Batch_1
[2022-11-25 10:58:30,217]   warnings.warn("Using pre-existing IP for %s" % node.name)
[2022-11-25 10:58:30,218] /workspace/finn/src/finn/transformation/fpgadataflow/hlssynth_ip.py:71: UserWarning: Using pre-existing IP for StreamingDataWidthConverter_Batch_0
[2022-11-25 10:58:30,218]   warnings.warn("Using pre-existing IP for %s" % node.name)
[2022-11-25 10:58:30,218] /workspace/finn/src/finn/transformation/fpgadataflow/hlssynth_ip.py:71: UserWarning: Using pre-existing IP for MatrixVectorActivation_0
[2022-11-25 10:58:30,218]   warnings.warn("Using pre-existing IP for %s" % node.name)
[2022-11-25 10:58:30,219] /workspace/finn/src/finn/transformation/fpgadataflow/hlssynth_ip.py:71: UserWarning: Using pre-existing IP for ConvolutionInputGenerator_0
[2022-11-25 10:58:30,219]   warnings.warn("Using pre-existing IP for %s" % node.name)
[2022-11-25 10:58:55,082] Running step: step_create_stitched_ip [10/13]
[2022-11-25 10:58:55,093] Running step: step_synthesize_bitfile [11/13]
[2022-11-25 10:58:55,189] /workspace/finn/src/finn/transformation/fpgadataflow/floorplan.py:108: UserWarning: 35 nodes have no entry in the provided floorplan, SLR was set to -1
[2022-11-25 10:58:55,190]   warnings.warn(
[2022-11-25 10:59:44,121] /workspace/results/KV260_SOM/BatchNormalization_4_out0/vivado_stitch_proj_jtgmgmhr/finn_vivado_stitch_proj.srcs/sources_1/bd/StreamingDataflowPartition_0
[2022-11-25 10:59:44,122] StreamingDataflowPartition_0
[2022-11-25 11:00:15,840] /workspace/results/KV260_SOM/BatchNormalization_4_out0/vivado_stitch_proj_jtgmgmhr/finn_vivado_stitch_proj.srcs/sources_1/bd/StreamingDataflowPartition_0/hdl/StreamingDataflowPartition_0_wrapper.v
[2022-11-25 11:00:16,142] /workspace/finn/src/finn/transformation/fpgadataflow/insert_fifo.py:236: UserWarning: Overriding output FIFO depth to 32
[2022-11-25 11:00:16,142]   warnings.warn("Overriding output FIFO depth to 32")
[2022-11-25 11:00:16,156] /workspace/finn/src/finn/transformation/fpgadataflow/prepare_ip.py:57: UserWarning: Using pre-existing code for StreamingDataflowPartition_1_StreamingFIFO_0
[2022-11-25 11:00:16,156]   warnings.warn("Using pre-existing code for %s" % node.name)
[2022-11-25 11:00:16,156] /workspace/finn/src/finn/transformation/fpgadataflow/prepare_ip.py:57: UserWarning: Using pre-existing code for StreamingDataflowPartition_1_ConvolutionInputGenerator_0
[2022-11-25 11:00:16,156]   warnings.warn("Using pre-existing code for %s" % node.name)
[2022-11-25 11:00:16,157] /workspace/finn/src/finn/transformation/fpgadataflow/prepare_ip.py:57: UserWarning: Using pre-existing code for StreamingDataflowPartition_1_StreamingDataWidthConverter_Batch_0
[2022-11-25 11:00:16,157]   warnings.warn("Using pre-existing code for %s" % node.name)
[2022-11-25 11:00:16,157] /workspace/finn/src/finn/transformation/fpgadataflow/prepare_ip.py:57: UserWarning: Using pre-existing code for StreamingDataflowPartition_1_MatrixVectorActivation_0
[2022-11-25 11:00:16,157]   warnings.warn("Using pre-existing code for %s" % node.name)
[2022-11-25 11:00:16,157] /workspace/finn/src/finn/transformation/fpgadataflow/prepare_ip.py:57: UserWarning: Using pre-existing code for StreamingDataflowPartition_1_StreamingFIFO_1
[2022-11-25 11:00:16,158]   warnings.warn("Using pre-existing code for %s" % node.name)
[2022-11-25 11:00:16,158] /workspace/finn/src/finn/transformation/fpgadataflow/prepare_ip.py:57: UserWarning: Using pre-existing code for StreamingDataflowPartition_1_StreamingDataWidthConverter_Batch_1
[2022-11-25 11:00:16,158]   warnings.warn("Using pre-existing code for %s" % node.name)
[2022-11-25 11:00:16,158] /workspace/finn/src/finn/transformation/fpgadataflow/prepare_ip.py:57: UserWarning: Using pre-existing code for StreamingDataflowPartition_1_Thresholding_Batch_0
[2022-11-25 11:00:16,159]   warnings.warn("Using pre-existing code for %s" % node.name)
[2022-11-25 11:00:16,159] /workspace/finn/src/finn/transformation/fpgadataflow/prepare_ip.py:57: UserWarning: Using pre-existing code for StreamingDataflowPartition_1_StreamingDataWidthConverter_Batch_2
[2022-11-25 11:00:16,159]   warnings.warn("Using pre-existing code for %s" % node.name)
[2022-11-25 11:00:16,159] /workspace/finn/src/finn/transformation/fpgadataflow/prepare_ip.py:57: UserWarning: Using pre-existing code for StreamingDataflowPartition_1_StreamingFIFO_2
[2022-11-25 11:00:16,159]   warnings.warn("Using pre-existing code for %s" % node.name)
[2022-11-25 11:00:16,160] /workspace/finn/src/finn/transformation/fpgadataflow/prepare_ip.py:57: UserWarning: Using pre-existing code for StreamingDataflowPartition_1_FMPadding_Batch_0
[2022-11-25 11:00:16,160]   warnings.warn("Using pre-existing code for %s" % node.name)
[2022-11-25 11:00:16,160] /workspace/finn/src/finn/transformation/fpgadataflow/prepare_ip.py:57: UserWarning: Using pre-existing code for StreamingDataflowPartition_1_StreamingDataWidthConverter_Batch_3
[2022-11-25 11:00:16,161]   warnings.warn("Using pre-existing code for %s" % node.name)
[2022-11-25 11:00:16,161] /workspace/finn/src/finn/transformation/fpgadataflow/prepare_ip.py:57: UserWarning: Using pre-existing code for StreamingDataflowPartition_1_StreamingFIFO_3
[2022-11-25 11:00:16,162]   warnings.warn("Using pre-existing code for %s" % node.name)
[2022-11-25 11:00:16,162] /workspace/finn/src/finn/transformation/fpgadataflow/prepare_ip.py:57: UserWarning: Using pre-existing code for StreamingDataflowPartition_1_ConvolutionInputGenerator_1
[2022-11-25 11:00:16,162]   warnings.warn("Using pre-existing code for %s" % node.name)
[2022-11-25 11:00:16,163] /workspace/finn/src/finn/transformation/fpgadataflow/prepare_ip.py:57: UserWarning: Using pre-existing code for StreamingDataflowPartition_1_VectorVectorActivation_0
[2022-11-25 11:00:16,163]   warnings.warn("Using pre-existing code for %s" % node.name)
[2022-11-25 11:00:16,163] /workspace/finn/src/finn/transformation/fpgadataflow/prepare_ip.py:57: UserWarning: Using pre-existing code for StreamingDataflowPartition_1_StreamingFIFO_4
[2022-11-25 11:00:16,163]   warnings.warn("Using pre-existing code for %s" % node.name)
[2022-11-25 11:00:16,164] /workspace/finn/src/finn/transformation/fpgadataflow/prepare_ip.py:57: UserWarning: Using pre-existing code for StreamingDataflowPartition_1_StreamingDataWidthConverter_Batch_4
[2022-11-25 11:00:16,164]   warnings.warn("Using pre-existing code for %s" % node.name)
[2022-11-25 11:00:16,165] /workspace/finn/src/finn/transformation/fpgadataflow/prepare_ip.py:57: UserWarning: Using pre-existing code for StreamingDataflowPartition_1_Thresholding_Batch_1
[2022-11-25 11:00:16,165]   warnings.warn("Using pre-existing code for %s" % node.name)
[2022-11-25 11:00:16,165] /workspace/finn/src/finn/transformation/fpgadataflow/prepare_ip.py:57: UserWarning: Using pre-existing code for StreamingDataflowPartition_1_StreamingDataWidthConverter_Batch_5
[2022-11-25 11:00:16,165]   warnings.warn("Using pre-existing code for %s" % node.name)
[2022-11-25 11:00:16,165] /workspace/finn/src/finn/transformation/fpgadataflow/prepare_ip.py:57: UserWarning: Using pre-existing code for StreamingDataflowPartition_1_MatrixVectorActivation_1
[2022-11-25 11:00:16,166]   warnings.warn("Using pre-existing code for %s" % node.name)
[2022-11-25 11:00:16,166] /workspace/finn/src/finn/transformation/fpgadataflow/prepare_ip.py:57: UserWarning: Using pre-existing code for StreamingDataflowPartition_1_StreamingDataWidthConverter_Batch_6
[2022-11-25 11:00:16,166]   warnings.warn("Using pre-existing code for %s" % node.name)
[2022-11-25 11:00:16,166] /workspace/finn/src/finn/transformation/fpgadataflow/prepare_ip.py:57: UserWarning: Using pre-existing code for StreamingDataflowPartition_1_Thresholding_Batch_2
[2022-11-25 11:00:16,166]   warnings.warn("Using pre-existing code for %s" % node.name)
[2022-11-25 11:00:16,167] /workspace/finn/src/finn/transformation/fpgadataflow/prepare_ip.py:57: UserWarning: Using pre-existing code for StreamingDataflowPartition_1_StreamingDataWidthConverter_Batch_7
[2022-11-25 11:00:16,167]   warnings.warn("Using pre-existing code for %s" % node.name)
[2022-11-25 11:00:16,167] /workspace/finn/src/finn/transformation/fpgadataflow/prepare_ip.py:57: UserWarning: Using pre-existing code for StreamingDataflowPartition_1_StreamingFIFO_5
[2022-11-25 11:00:16,167]   warnings.warn("Using pre-existing code for %s" % node.name)
[2022-11-25 11:00:16,168] /workspace/finn/src/finn/transformation/fpgadataflow/prepare_ip.py:57: UserWarning: Using pre-existing code for StreamingDataflowPartition_1_FMPadding_Batch_1
[2022-11-25 11:00:16,168]   warnings.warn("Using pre-existing code for %s" % node.name)
[2022-11-25 11:00:16,169] /workspace/finn/src/finn/transformation/fpgadataflow/prepare_ip.py:57: UserWarning: Using pre-existing code for StreamingDataflowPartition_1_StreamingDataWidthConverter_Batch_8
[2022-11-25 11:00:16,169]   warnings.warn("Using pre-existing code for %s" % node.name)
[2022-11-25 11:00:16,170] /workspace/finn/src/finn/transformation/fpgadataflow/prepare_ip.py:57: UserWarning: Using pre-existing code for StreamingDataflowPartition_1_StreamingFIFO_6
[2022-11-25 11:00:16,170]   warnings.warn("Using pre-existing code for %s" % node.name)
[2022-11-25 11:00:16,170] /workspace/finn/src/finn/transformation/fpgadataflow/prepare_ip.py:57: UserWarning: Using pre-existing code for StreamingDataflowPartition_1_ConvolutionInputGenerator_2
[2022-11-25 11:00:16,170]   warnings.warn("Using pre-existing code for %s" % node.name)
[2022-11-25 11:00:16,171] /workspace/finn/src/finn/transformation/fpgadataflow/prepare_ip.py:57: UserWarning: Using pre-existing code for StreamingDataflowPartition_1_VectorVectorActivation_1
[2022-11-25 11:00:16,171]   warnings.warn("Using pre-existing code for %s" % node.name)
[2022-11-25 11:00:16,171] /workspace/finn/src/finn/transformation/fpgadataflow/prepare_ip.py:57: UserWarning: Using pre-existing code for StreamingDataflowPartition_1_StreamingDataWidthConverter_Batch_9
[2022-11-25 11:00:16,171]   warnings.warn("Using pre-existing code for %s" % node.name)
[2022-11-25 11:00:16,172] /workspace/finn/src/finn/transformation/fpgadataflow/prepare_ip.py:57: UserWarning: Using pre-existing code for StreamingDataflowPartition_1_Thresholding_Batch_3
[2022-11-25 11:00:16,172]   warnings.warn("Using pre-existing code for %s" % node.name)
[2022-11-25 11:00:16,172] /workspace/finn/src/finn/transformation/fpgadataflow/prepare_ip.py:57: UserWarning: Using pre-existing code for StreamingDataflowPartition_1_StreamingDataWidthConverter_Batch_10
[2022-11-25 11:00:16,172]   warnings.warn("Using pre-existing code for %s" % node.name)
[2022-11-25 11:00:16,172] /workspace/finn/src/finn/transformation/fpgadataflow/prepare_ip.py:57: UserWarning: Using pre-existing code for StreamingDataflowPartition_1_StreamingFIFO_7
[2022-11-25 11:00:16,173]   warnings.warn("Using pre-existing code for %s" % node.name)
[2022-11-25 11:00:16,173] /workspace/finn/src/finn/transformation/fpgadataflow/prepare_ip.py:57: UserWarning: Using pre-existing code for StreamingDataflowPartition_1_MatrixVectorActivation_2
[2022-11-25 11:00:16,173]   warnings.warn("Using pre-existing code for %s" % node.name)
[2022-11-25 11:00:16,288] /workspace/finn/src/finn/transformation/fpgadataflow/hlssynth_ip.py:71: UserWarning: Using pre-existing IP for StreamingDataflowPartition_1_VectorVectorActivation_1
[2022-11-25 11:00:16,288]   warnings.warn("Using pre-existing IP for %s" % node.name)
[2022-11-25 11:00:16,289] /workspace/finn/src/finn/transformation/fpgadataflow/hlssynth_ip.py:71: UserWarning: Using pre-existing IP for StreamingDataflowPartition_1_FMPadding_Batch_1
[2022-11-25 11:00:16,290]   warnings.warn("Using pre-existing IP for %s" % node.name)
[2022-11-25 11:00:16,289] /workspace/finn/src/finn/transformation/fpgadataflow/hlssynth_ip.py:71: UserWarning: Using pre-existing IP for StreamingDataflowPartition_1_MatrixVectorActivation_2
[2022-11-25 11:00:16,290]   warnings.warn("Using pre-existing IP for %s" % node.name)
[2022-11-25 11:00:16,290] /workspace/finn/src/finn/transformation/fpgadataflow/hlssynth_ip.py:71: UserWarning: Using pre-existing IP for StreamingDataflowPartition_1_StreamingDataWidthConverter_Batch_10
[2022-11-25 11:00:16,291] /workspace/finn/src/finn/transformation/fpgadataflow/hlssynth_ip.py:71: UserWarning: Using pre-existing IP for StreamingDataflowPartition_1_StreamingFIFO_5
[2022-11-25 11:00:16,291]   warnings.warn("Using pre-existing IP for %s" % node.name)
[2022-11-25 11:00:16,291]   warnings.warn("Using pre-existing IP for %s" % node.name)
[2022-11-25 11:00:16,290] /workspace/finn/src/finn/transformation/fpgadataflow/hlssynth_ip.py:71: UserWarning: Using pre-existing IP for StreamingDataflowPartition_1_StreamingFIFO_7
[2022-11-25 11:00:16,291]   warnings.warn("Using pre-existing IP for %s" % node.name)
[2022-11-25 11:00:16,291] /workspace/finn/src/finn/transformation/fpgadataflow/hlssynth_ip.py:71: UserWarning: Using pre-existing IP for StreamingDataflowPartition_1_StreamingDataWidthConverter_Batch_9
[2022-11-25 11:00:16,291] /workspace/finn/src/finn/transformation/fpgadataflow/hlssynth_ip.py:71: UserWarning: Using pre-existing IP for StreamingDataflowPartition_1_StreamingDataWidthConverter_Batch_7
[2022-11-25 11:00:16,291] /workspace/finn/src/finn/transformation/fpgadataflow/hlssynth_ip.py:71: UserWarning: Using pre-existing IP for StreamingDataflowPartition_1_Thresholding_Batch_3
[2022-11-25 11:00:16,292]   warnings.warn("Using pre-existing IP for %s" % node.name)
[2022-11-25 11:00:16,292]   warnings.warn("Using pre-existing IP for %s" % node.name)
[2022-11-25 11:00:16,292]   warnings.warn("Using pre-existing IP for %s" % node.name)
[2022-11-25 11:00:16,291] /workspace/finn/src/finn/transformation/fpgadataflow/hlssynth_ip.py:71: UserWarning: Using pre-existing IP for StreamingDataflowPartition_1_ConvolutionInputGenerator_2
[2022-11-25 11:00:16,292] /workspace/finn/src/finn/transformation/fpgadataflow/hlssynth_ip.py:71: UserWarning: Using pre-existing IP for StreamingDataflowPartition_1_StreamingDataWidthConverter_Batch_6
[2022-11-25 11:00:16,292]   warnings.warn("Using pre-existing IP for %s" % node.name)
[2022-11-25 11:00:16,292] /workspace/finn/src/finn/transformation/fpgadataflow/hlssynth_ip.py:71: UserWarning: Using pre-existing IP for StreamingDataflowPartition_1_StreamingFIFO_6
[2022-11-25 11:00:16,293]   warnings.warn("Using pre-existing IP for %s" % node.name)
[2022-11-25 11:00:16,293] /workspace/finn/src/finn/transformation/fpgadataflow/hlssynth_ip.py:71: UserWarning: Using pre-existing IP for StreamingDataflowPartition_1_Thresholding_Batch_2
[2022-11-25 11:00:16,293]   warnings.warn("Using pre-existing IP for %s" % node.name)
[2022-11-25 11:00:16,292] /workspace/finn/src/finn/transformation/fpgadataflow/hlssynth_ip.py:71: UserWarning: Using pre-existing IP for StreamingDataflowPartition_1_StreamingDataWidthConverter_Batch_8
[2022-11-25 11:00:16,293] /workspace/finn/src/finn/transformation/fpgadataflow/hlssynth_ip.py:71: UserWarning: Using pre-existing IP for StreamingDataflowPartition_1_StreamingDataWidthConverter_Batch_5
[2022-11-25 11:00:16,293]   warnings.warn("Using pre-existing IP for %s" % node.name)
[2022-11-25 11:00:16,293]   warnings.warn("Using pre-existing IP for %s" % node.name)
[2022-11-25 11:00:16,293] /workspace/finn/src/finn/transformation/fpgadataflow/hlssynth_ip.py:71: UserWarning: Using pre-existing IP for StreamingDataflowPartition_1_MatrixVectorActivation_1
[2022-11-25 11:00:16,293]   warnings.warn("Using pre-existing IP for %s" % node.name)
[2022-11-25 11:00:16,293]   warnings.warn("Using pre-existing IP for %s" % node.name)
[2022-11-25 11:00:16,294] /workspace/finn/src/finn/transformation/fpgadataflow/hlssynth_ip.py:71: UserWarning: Using pre-existing IP for StreamingDataflowPartition_1_VectorVectorActivation_0
[2022-11-25 11:00:16,294]   warnings.warn("Using pre-existing IP for %s" % node.name)
[2022-11-25 11:00:16,294] /workspace/finn/src/finn/transformation/fpgadataflow/hlssynth_ip.py:71: UserWarning: Using pre-existing IP for StreamingDataflowPartition_1_Thresholding_Batch_1
[2022-11-25 11:00:16,294] /workspace/finn/src/finn/transformation/fpgadataflow/hlssynth_ip.py:71: UserWarning: Using pre-existing IP for StreamingDataflowPartition_1_StreamingDataWidthConverter_Batch_4
[2022-11-25 11:00:16,294]   warnings.warn("Using pre-existing IP for %s" % node.name)
[2022-11-25 11:00:16,295] /workspace/finn/src/finn/transformation/fpgadataflow/hlssynth_ip.py:71: UserWarning: Using pre-existing IP for StreamingDataflowPartition_1_ConvolutionInputGenerator_1
[2022-11-25 11:00:16,295]   warnings.warn("Using pre-existing IP for %s" % node.name)
[2022-11-25 11:00:16,295] /workspace/finn/src/finn/transformation/fpgadataflow/hlssynth_ip.py:71: UserWarning: Using pre-existing IP for StreamingDataflowPartition_1_FMPadding_Batch_0
[2022-11-25 11:00:16,295]   warnings.warn("Using pre-existing IP for %s" % node.name)
[2022-11-25 11:00:16,295]   warnings.warn("Using pre-existing IP for %s" % node.name)
[2022-11-25 11:00:16,295] /workspace/finn/src/finn/transformation/fpgadataflow/hlssynth_ip.py:71: UserWarning: Using pre-existing IP for StreamingDataflowPartition_1_StreamingFIFO_4
[2022-11-25 11:00:16,296]   warnings.warn("Using pre-existing IP for %s" % node.name)
[2022-11-25 11:00:16,296] /workspace/finn/src/finn/transformation/fpgadataflow/hlssynth_ip.py:71: UserWarning: Using pre-existing IP for StreamingDataflowPartition_1_Thresholding_Batch_0
[2022-11-25 11:00:16,296] /workspace/finn/src/finn/transformation/fpgadataflow/hlssynth_ip.py:71: UserWarning: Using pre-existing IP for StreamingDataflowPartition_1_StreamingFIFO_3
[2022-11-25 11:00:16,296] /workspace/finn/src/finn/transformation/fpgadataflow/hlssynth_ip.py:71: UserWarning: Using pre-existing IP for StreamingDataflowPartition_1_StreamingDataWidthConverter_Batch_3
[2022-11-25 11:00:16,296]   warnings.warn("Using pre-existing IP for %s" % node.name)
[2022-11-25 11:00:16,296]   warnings.warn("Using pre-existing IP for %s" % node.name)
[2022-11-25 11:00:16,296] /workspace/finn/src/finn/transformation/fpgadataflow/hlssynth_ip.py:71: UserWarning: Using pre-existing IP for StreamingDataflowPartition_1_StreamingFIFO_2
[2022-11-25 11:00:16,296]   warnings.warn("Using pre-existing IP for %s" % node.name)
[2022-11-25 11:00:16,296]   warnings.warn("Using pre-existing IP for %s" % node.name)
[2022-11-25 11:00:16,296] /workspace/finn/src/finn/transformation/fpgadataflow/hlssynth_ip.py:71: UserWarning: Using pre-existing IP for StreamingDataflowPartition_1_StreamingDataWidthConverter_Batch_2
[2022-11-25 11:00:16,296] /workspace/finn/src/finn/transformation/fpgadataflow/hlssynth_ip.py:71: UserWarning: Using pre-existing IP for StreamingDataflowPartition_1_StreamingDataWidthConverter_Batch_1
[2022-11-25 11:00:16,297] /workspace/finn/src/finn/transformation/fpgadataflow/hlssynth_ip.py:71: UserWarning: Using pre-existing IP for StreamingDataflowPartition_1_ConvolutionInputGenerator_0
[2022-11-25 11:00:16,297]   warnings.warn("Using pre-existing IP for %s" % node.name)
[2022-11-25 11:00:16,297]   warnings.warn("Using pre-existing IP for %s" % node.name)
[2022-11-25 11:00:16,297] /workspace/finn/src/finn/transformation/fpgadataflow/hlssynth_ip.py:71: UserWarning: Using pre-existing IP for StreamingDataflowPartition_1_MatrixVectorActivation_0
[2022-11-25 11:00:16,297]   warnings.warn("Using pre-existing IP for %s" % node.name)
[2022-11-25 11:00:16,297] /workspace/finn/src/finn/transformation/fpgadataflow/hlssynth_ip.py:71: UserWarning: Using pre-existing IP for StreamingDataflowPartition_1_StreamingDataWidthConverter_Batch_0
[2022-11-25 11:00:16,297] /workspace/finn/src/finn/transformation/fpgadataflow/hlssynth_ip.py:71: UserWarning: Using pre-existing IP for StreamingDataflowPartition_1_StreamingFIFO_1
[2022-11-25 11:00:16,297]   warnings.warn("Using pre-existing IP for %s" % node.name)
[2022-11-25 11:00:16,297]   warnings.warn("Using pre-existing IP for %s" % node.name)
[2022-11-25 11:00:16,297]   warnings.warn("Using pre-existing IP for %s" % node.name)
[2022-11-25 11:00:16,298] /workspace/finn/src/finn/transformation/fpgadataflow/hlssynth_ip.py:71: UserWarning: Using pre-existing IP for StreamingDataflowPartition_1_StreamingFIFO_0
[2022-11-25 11:00:16,298]   warnings.warn("Using pre-existing IP for %s" % node.name)
[2022-11-25 11:00:40,730] /workspace/results/KV260_SOM/BatchNormalization_4_out0/vivado_stitch_proj_uty1la92/finn_vivado_stitch_proj.srcs/sources_1/bd/StreamingDataflowPartition_1
[2022-11-25 11:00:40,730] StreamingDataflowPartition_1
[2022-11-25 11:01:17,395] /workspace/results/KV260_SOM/BatchNormalization_4_out0/vivado_stitch_proj_uty1la92/finn_vivado_stitch_proj.srcs/sources_1/bd/StreamingDataflowPartition_1/hdl/StreamingDataflowPartition_1_wrapper.v
[2022-11-25 11:02:07,767] /workspace/results/KV260_SOM/BatchNormalization_4_out0/vivado_stitch_proj_sy66_zqs/finn_vivado_stitch_proj.srcs/sources_1/bd/StreamingDataflowPartition_2
[2022-11-25 11:02:07,768] StreamingDataflowPartition_2
[2022-11-25 11:02:38,676] /workspace/results/KV260_SOM/BatchNormalization_4_out0/vivado_stitch_proj_sy66_zqs/finn_vivado_stitch_proj.srcs/sources_1/bd/StreamingDataflowPartition_2/hdl/StreamingDataflowPartition_2_wrapper.v
[2022-11-25 11:36:22,501] Bitfile written into build-KV260_SOM/BatchNormalization_4_out0/bitfile
[2022-11-25 11:36:22,509] Running step: step_make_pynq_driver [12/13]
[2022-11-25 11:36:45,134] PYNQ Python driver written into build-KV260_SOM/BatchNormalization_4_out0/driver
[2022-11-25 11:36:45,139] Running step: step_deployment_package [13/13]
