[2022-11-09 16:42:41,948] Running step: custom_step_tinyyolo_convert_to_hls [1/13]
[2022-11-09 16:42:42,161] /workspace/finn/src/finn/custom_op/fpgadataflow/matrixvectoractivation.py:599: UserWarning: Clipping some thresholds in MatrixVectorActivation_MatMul_35
[2022-11-09 16:42:42,161]   warnings.warn("Clipping some thresholds in %s" % self.onnx_node.name)
[2022-11-09 16:42:42,174] /workspace/finn/src/finn/custom_op/fpgadataflow/matrixvectoractivation.py:599: UserWarning: Clipping some thresholds in MatrixVectorActivation_MatMul_38
[2022-11-09 16:42:42,174]   warnings.warn("Clipping some thresholds in %s" % self.onnx_node.name)
[2022-11-09 16:42:42,940] /workspace/finn/src/finn/custom_op/fpgadataflow/vectorvectoractivation.py:100: UserWarning: Clipping some thresholds in VectorVectorActivation_MatMul_31
[2022-11-09 16:42:42,940]   warnings.warn("Clipping some thresholds in %s" % self.onnx_node.name)
[2022-11-09 16:42:43,982] Running step: custom_step_partition [2/13]
[2022-11-09 16:42:44,239] Running step: step_target_fps_parallelization [3/13]
[2022-11-09 16:42:44,263] Running step: step_apply_folding_config [4/13]
[2022-11-09 16:42:44,287] /workspace/qonnx/src/qonnx/transformation/general.py:322: UserWarning:
[2022-11-09 16:42:44,287] No HW configuration for nodes: StreamingMaxPool_Batch_0, StreamingMaxPool_Batch_1, StreamingMaxPool_Batch_2, UpsampleNearestNeighbour_Batch_0
[2022-11-09 16:42:44,287]   warnings.warn("\nNo HW configuration for nodes: " + ", ".join(missing_configurations))
[2022-11-09 16:42:44,287] /workspace/qonnx/src/qonnx/transformation/general.py:326: UserWarning:
[2022-11-09 16:42:44,287] Unused HW configurations: StreamingFIFO_1, StreamingFIFO_2, StreamingDataWidthConverter_Batch_0, StreamingFCLayer_Batch_0, StreamingDataWidthConverter_Batch_1, StreamingFIFO_6, StreamingDataWidthConverter_Batch_2, StreamingFIFO_8, Vector_Vector_Activate_Batch_0, StreamingDataWidthConverter_Batch_3, StreamingFCLayer_Batch_1, StreamingFIFO_12, StreamingDataWidthConverter_Batch_4, StreamingFIFO_14, Vector_Vector_Activate_Batch_1, StreamingFCLayer_Batch_2, StreamingDataWidthConverter_Batch_5, StreamingFIFO_18, StreamingDataWidthConverter_Batch_6, StreamingFIFO_20, Vector_Vector_Activate_Batch_2, StreamingDataWidthConverter_Batch_7, StreamingFCLayer_Batch_3, StreamingFIFO_24, StreamingDataWidthConverter_Batch_8, StreamingFIFO_26, Vector_Vector_Activate_Batch_3, StreamingDataWidthConverter_Batch_9, StreamingFCLayer_Batch_4, Vector_Vector_Activate_Batch_4, StreamingDataWidthConverter_Batch_10, StreamingFCLayer_Batch_5, StreamingDataWidthConverter_Batch_11, StreamingFIFO_34, StreamingFIFO_35, StreamingDataWidthConverter_Batch_12, StreamingFIFO_36, StreamingDataWidthConverter_Batch_13, StreamingFIFO_38, Vector_Vector_Activate_Batch_5, StreamingDataWidthConverter_Batch_14, StreamingFCLayer_Batch_6, StreamingFIFO_42, StreamingDataWidthConverter_Batch_15, StreamingFIFO_44, Vector_Vector_Activate_Batch_6, StreamingDataWidthConverter_Batch_16, StreamingFCLayer_Batch_7, StreamingFIFO_48, StreamingDataWidthConverter_Batch_17, StreamingFIFO_50, Vector_Vector_Activate_Batch_7, StreamingDataWidthConverter_Batch_18, StreamingFCLayer_Batch_8, Vector_Vector_Activate_Batch_8, StreamingDataWidthConverter_Batch_19, StreamingFCLayer_Batch_9, StreamingDataWidthConverter_Batch_20, StreamingFIFO_59, StreamingDataWidthConverter_Batch_21, StreamingFIFO_60, StreamingDataWidthConverter_Batch_22, StreamingFIFO_62, Vector_Vector_Activate_Batch_9, StreamingDataWidthConverter_Batch_23, StreamingFCLayer_Batch_10, StreamingFIFO_66, StreamingDataWidthConverter_Batch_24, StreamingFIFO_68, Vector_Vector_Activate_Batch_10, StreamingDataWidthConverter_Batch_25, StreamingFCLayer_Batch_11, StreamingFIFO_72, StreamingDataWidthConverter_Batch_26, StreamingFIFO_74, Vector_Vector_Activate_Batch_11, StreamingDataWidthConverter_Batch_27, StreamingFCLayer_Batch_12, Vector_Vector_Activate_Batch_12, StreamingDataWidthConverter_Batch_28, StreamingFCLayer_Batch_13, StreamingDataWidthConverter_Batch_29, StreamingFIFO_83, StreamingDataWidthConverter_Batch_30, StreamingFIFO_84, StreamingFIFO_85, Vector_Vector_Activate_Batch_13, StreamingDataWidthConverter_Batch_31, StreamingFCLayer_Batch_14, Vector_Vector_Activate_Batch_14, StreamingDataWidthConverter_Batch_32, StreamingFIFO_91, StreamingFCLayer_Batch_15, StreamingFIFO_94, Vector_Vector_Activate_Batch_15, StreamingDataWidthConverter_Batch_33, StreamingFIFO_95, StreamingFIFO_97, StreamingFCLayer_Batch_16, Vector_Vector_Activate_Batch_16, StreamingDataWidthConverter_Batch_34, StreamingDataWidthConverter_Batch_35, StreamingFCLayer_Batch_17, StreamingFIFO_103, StreamingDataWidthConverter_Batch_36, StreamingDataWidthConverter_Batch_37, StreamingFIFO_105, StreamingFIFO_106, StreamingFCLayer_Batch_18, StreamingDataWidthConverter_Batch_38, StreamingFIFO_109, Vector_Vector_Activate_Batch_17, StreamingDataWidthConverter_Batch_39, StreamingFCLayer_Batch_19, StreamingDataWidthConverter_Batch_40, StreamingFIFO_114, StreamingFCLayer_Batch_20
[2022-11-09 16:42:44,287]   warnings.warn("\nUnused HW configurations: " + ", ".join(unused_configs))
[2022-11-09 16:42:44,315] Running step: step_generate_estimate_reports [5/13]
[2022-11-09 16:42:44,315] Thresholding_Batch_0
[2022-11-09 16:42:44,315] FMPadding_Batch_0
[2022-11-09 16:42:44,315] ConvolutionInputGenerator_0
[2022-11-09 16:42:44,315] StreamingFCLayer_Batch_0
