[2022-11-10 17:20:28,678] Running step: step_convert_to_hls [1/14]
[2022-11-10 17:20:28,972] Running step: step_create_dataflow_partition [2/14]
[2022-11-10 17:20:28,991] Running step: step_target_fps_parallelization [3/14]
[2022-11-10 17:20:29,025] Running step: step_apply_folding_config [4/14]
[2022-11-10 17:20:29,031] Running step: step_generate_estimate_reports [5/14]
[2022-11-10 17:20:29,037] Running step: step_hls_codegen [6/14]
[2022-11-10 17:20:31,585] Running step: step_hls_ipgen [7/14]
[2022-11-10 17:22:38,774] Running step: step_set_fifo_depths [8/14]
[2022-11-10 17:22:38,808] /workspace/finn/src/finn/transformation/fpgadataflow/prepare_ip.py:57: UserWarning: Using pre-existing code for MatrixVectorActivation_0
[2022-11-10 17:22:38,809]   warnings.warn("Using pre-existing code for %s" % node.name)
[2022-11-10 17:22:38,829] /workspace/finn/src/finn/transformation/fpgadataflow/prepare_ip.py:57: UserWarning: Using pre-existing code for MatrixVectorActivation_1
[2022-11-10 17:22:38,829]   warnings.warn("Using pre-existing code for %s" % node.name)
[2022-11-10 17:22:38,852] /workspace/finn/src/finn/transformation/fpgadataflow/prepare_ip.py:57: UserWarning: Using pre-existing code for MatrixVectorActivation_2
[2022-11-10 17:22:38,853]   warnings.warn("Using pre-existing code for %s" % node.name)
[2022-11-10 17:22:38,861] /workspace/finn/src/finn/transformation/fpgadataflow/prepare_ip.py:57: UserWarning: Using pre-existing code for MatrixVectorActivation_3
[2022-11-10 17:22:38,862]   warnings.warn("Using pre-existing code for %s" % node.name)
[2022-11-10 17:22:38,956] /workspace/finn/src/finn/transformation/fpgadataflow/hlssynth_ip.py:71: UserWarning: Using pre-existing IP for MatrixVectorActivation_3
[2022-11-10 17:22:38,957]   warnings.warn("Using pre-existing IP for %s" % node.name)
[2022-11-10 17:22:38,957] /workspace/finn/src/finn/transformation/fpgadataflow/hlssynth_ip.py:71: UserWarning: Using pre-existing IP for MatrixVectorActivation_2
[2022-11-10 17:22:38,957]   warnings.warn("Using pre-existing IP for %s" % node.name)
[2022-11-10 17:22:38,957] /workspace/finn/src/finn/transformation/fpgadataflow/hlssynth_ip.py:71: UserWarning: Using pre-existing IP for MatrixVectorActivation_1
[2022-11-10 17:22:38,958]   warnings.warn("Using pre-existing IP for %s" % node.name)
[2022-11-10 17:22:38,964] /workspace/finn/src/finn/transformation/fpgadataflow/hlssynth_ip.py:71: UserWarning: Using pre-existing IP for MatrixVectorActivation_0
[2022-11-10 17:22:38,964]   warnings.warn("Using pre-existing IP for %s" % node.name)
[2022-11-10 17:24:09,166] make: Entering directory '/workspace/results/step_streamline/pyverilator_ipstitched_ru_k45ug'
[2022-11-10 17:24:09,167] g++  -I.  -MMD -I/usr/share/verilator/include -I/usr/share/verilator/include/vltstd -DVL_PRINTF=printf -DVM_COVERAGE=0 -DVM_SC=0 -DVM_TRACE=1 -faligned-new -Wno-sign-compare -Wno-uninitialized -Wno-unused-but-set-variable -Wno-unused-parameter -Wno-unused-variable -Wno-shadow     -fPIC --std=c++11   -c -o pyverilator_wrapper.o /workspace/results/step_streamline/pyverilator_ipstitched_ru_k45ug/pyverilator_wrapper.cpp
[2022-11-10 17:24:09,167] g++  -I.  -MMD -I/usr/share/verilator/include -I/usr/share/verilator/include/vltstd -DVL_PRINTF=printf -DVM_COVERAGE=0 -DVM_SC=0 -DVM_TRACE=1 -faligned-new -Wno-sign-compare -Wno-uninitialized -Wno-unused-but-set-variable -Wno-unused-parameter -Wno-unused-variable -Wno-shadow     -fPIC --std=c++11   -c -o verilated.o /usr/share/verilator/include/verilated.cpp
[2022-11-10 17:24:09,168] g++  -I.  -MMD -I/usr/share/verilator/include -I/usr/share/verilator/include/vltstd -DVL_PRINTF=printf -DVM_COVERAGE=0 -DVM_SC=0 -DVM_TRACE=1 -faligned-new -Wno-sign-compare -Wno-uninitialized -Wno-unused-but-set-variable -Wno-unused-parameter -Wno-unused-variable -Wno-shadow     -fPIC --std=c++11   -c -o verilated_vcd_c.o /usr/share/verilator/include/verilated_vcd_c.cpp
[2022-11-10 17:24:09,168] /usr/bin/perl /usr/share/verilator/bin/verilator_includer -DVL_INCLUDE_OPT=include Vfinn_design_wrapper.cpp > Vfinn_design_wrapper__ALLcls.cpp
[2022-11-10 17:24:09,168] g++  -I.  -MMD -I/usr/share/verilator/include -I/usr/share/verilator/include/vltstd -DVL_PRINTF=printf -DVM_COVERAGE=0 -DVM_SC=0 -DVM_TRACE=1 -faligned-new -Wno-sign-compare -Wno-uninitialized -Wno-unused-but-set-variable -Wno-unused-parameter -Wno-unused-variable -Wno-shadow     -fPIC --std=c++11   -c -o Vfinn_design_wrapper__ALLcls.o Vfinn_design_wrapper__ALLcls.cpp
[2022-11-10 17:24:09,168] /usr/bin/perl /usr/share/verilator/bin/verilator_includer -DVL_INCLUDE_OPT=include Vfinn_design_wrapper__Trace.cpp Vfinn_design_wrapper__Syms.cpp Vfinn_design_wrapper__Trace__Slow.cpp > Vfinn_design_wrapper__ALLsup.cpp
[2022-11-10 17:24:09,168] g++  -I.  -MMD -I/usr/share/verilator/include -I/usr/share/verilator/include/vltstd -DVL_PRINTF=printf -DVM_COVERAGE=0 -DVM_SC=0 -DVM_TRACE=1 -faligned-new -Wno-sign-compare -Wno-uninitialized -Wno-unused-but-set-variable -Wno-unused-parameter -Wno-unused-variable -Wno-shadow     -fPIC --std=c++11   -c -o Vfinn_design_wrapper__ALLsup.o Vfinn_design_wrapper__ALLsup.cpp
[2022-11-10 17:24:09,168]       Archiving Vfinn_design_wrapper__ALL.a ...
[2022-11-10 17:24:09,168] ar r Vfinn_design_wrapper__ALL.a Vfinn_design_wrapper__ALLcls.o Vfinn_design_wrapper__ALLsup.o
[2022-11-10 17:24:09,168] ranlib Vfinn_design_wrapper__ALL.a
[2022-11-10 17:24:09,168] g++ -fPIC -shared pyverilator_wrapper.o verilated.o verilated_vcd_c.o Vfinn_design_wrapper__ALL.a    -o Vfinn_design_wrapper -lm -lstdc++  2>&1 | c++filt
[2022-11-10 17:24:09,168] make: Leaving directory '/workspace/results/step_streamline/pyverilator_ipstitched_ru_k45ug'
[2022-11-10 17:24:09,168] ar: creating Vfinn_design_wrapper__ALL.a
[2022-11-10 17:24:09,335] /workspace/finn/src/finn/transformation/fpgadataflow/prepare_ip.py:57: UserWarning: Using pre-existing code for MatrixVectorActivation_0
[2022-11-10 17:24:09,335]   warnings.warn("Using pre-existing code for %s" % node.name)
[2022-11-10 17:24:09,336] /workspace/finn/src/finn/transformation/fpgadataflow/prepare_ip.py:57: UserWarning: Using pre-existing code for StreamingDataWidthConverter_Batch_0
[2022-11-10 17:24:09,336]   warnings.warn("Using pre-existing code for %s" % node.name)
[2022-11-10 17:24:09,336] /workspace/finn/src/finn/transformation/fpgadataflow/prepare_ip.py:57: UserWarning: Using pre-existing code for MatrixVectorActivation_1
[2022-11-10 17:24:09,336]   warnings.warn("Using pre-existing code for %s" % node.name)
[2022-11-10 17:24:09,336] /workspace/finn/src/finn/transformation/fpgadataflow/prepare_ip.py:57: UserWarning: Using pre-existing code for StreamingDataWidthConverter_Batch_1
[2022-11-10 17:24:09,336]   warnings.warn("Using pre-existing code for %s" % node.name)
[2022-11-10 17:24:09,336] /workspace/finn/src/finn/transformation/fpgadataflow/prepare_ip.py:57: UserWarning: Using pre-existing code for MatrixVectorActivation_2
[2022-11-10 17:24:09,336]   warnings.warn("Using pre-existing code for %s" % node.name)
[2022-11-10 17:24:09,336] /workspace/finn/src/finn/transformation/fpgadataflow/prepare_ip.py:57: UserWarning: Using pre-existing code for MatrixVectorActivation_3
[2022-11-10 17:24:09,336]   warnings.warn("Using pre-existing code for %s" % node.name)
[2022-11-10 17:24:09,421] /workspace/finn/src/finn/transformation/fpgadataflow/hlssynth_ip.py:71: UserWarning: Using pre-existing IP for MatrixVectorActivation_3
[2022-11-10 17:24:09,422]   warnings.warn("Using pre-existing IP for %s" % node.name)
[2022-11-10 17:24:09,423] /workspace/finn/src/finn/transformation/fpgadataflow/hlssynth_ip.py:71: UserWarning: Using pre-existing IP for MatrixVectorActivation_2
[2022-11-10 17:24:09,423] /workspace/finn/src/finn/transformation/fpgadataflow/hlssynth_ip.py:71: UserWarning: Using pre-existing IP for StreamingDataWidthConverter_Batch_1
[2022-11-10 17:24:09,423]   warnings.warn("Using pre-existing IP for %s" % node.name)
[2022-11-10 17:24:09,423]   warnings.warn("Using pre-existing IP for %s" % node.name)
[2022-11-10 17:24:09,423] /workspace/finn/src/finn/transformation/fpgadataflow/hlssynth_ip.py:71: UserWarning: Using pre-existing IP for MatrixVectorActivation_1
[2022-11-10 17:24:09,424]   warnings.warn("Using pre-existing IP for %s" % node.name)
[2022-11-10 17:24:09,423] /workspace/finn/src/finn/transformation/fpgadataflow/hlssynth_ip.py:71: UserWarning: Using pre-existing IP for StreamingDataWidthConverter_Batch_0
[2022-11-10 17:24:09,424]   warnings.warn("Using pre-existing IP for %s" % node.name)
[2022-11-10 17:24:09,424] /workspace/finn/src/finn/transformation/fpgadataflow/hlssynth_ip.py:71: UserWarning: Using pre-existing IP for MatrixVectorActivation_0
[2022-11-10 17:24:09,425]   warnings.warn("Using pre-existing IP for %s" % node.name)
[2022-11-10 17:24:31,916] Running step: step_create_stitched_ip [9/14]
[2022-11-10 17:24:31,923] Running step: step_measure_rtlsim_performance [10/14]
[2022-11-10 17:24:31,928] Running step: step_make_pynq_driver [11/14]
[2022-11-10 17:29:09,918] Running step: step_convert_to_hls [1/14]
[2022-11-10 17:29:09,945] Running step: step_create_dataflow_partition [2/14]
[2022-11-10 17:29:09,961] Running step: step_target_fps_parallelization [3/14]
[2022-11-10 17:29:09,976] Running step: step_apply_folding_config [4/14]
[2022-11-10 17:29:09,981] Running step: step_generate_estimate_reports [5/14]
[2022-11-10 17:29:09,986] Running step: step_hls_codegen [6/14]
[2022-11-10 17:29:12,498] Running step: step_hls_ipgen [7/14]
[2022-11-10 17:31:19,493] Running step: step_set_fifo_depths [8/14]
[2022-11-10 17:31:19,667] /workspace/finn/src/finn/transformation/fpgadataflow/hlssynth_ip.py:71: UserWarning: Using pre-existing IP for MatrixVectorActivation_3
[2022-11-10 17:31:19,668]   warnings.warn("Using pre-existing IP for %s" % node.name)
[2022-11-10 17:31:19,667] /workspace/finn/src/finn/transformation/fpgadataflow/hlssynth_ip.py:71: UserWarning: Using pre-existing IP for MatrixVectorActivation_2
[2022-11-10 17:31:19,668]   warnings.warn("Using pre-existing IP for %s" % node.name)
[2022-11-10 17:31:19,668] /workspace/finn/src/finn/transformation/fpgadataflow/hlssynth_ip.py:71: UserWarning: Using pre-existing IP for MatrixVectorActivation_1
[2022-11-10 17:31:19,669]   warnings.warn("Using pre-existing IP for %s" % node.name)
[2022-11-10 17:31:19,670] /workspace/finn/src/finn/transformation/fpgadataflow/hlssynth_ip.py:71: UserWarning: Using pre-existing IP for MatrixVectorActivation_0
[2022-11-10 17:31:19,670]   warnings.warn("Using pre-existing IP for %s" % node.name)
[2022-11-10 17:32:49,108] make: Entering directory '/workspace/results/step_streamline/pyverilator_ipstitched_sbmbabrg'
[2022-11-10 17:32:49,110] g++  -I.  -MMD -I/usr/share/verilator/include -I/usr/share/verilator/include/vltstd -DVL_PRINTF=printf -DVM_COVERAGE=0 -DVM_SC=0 -DVM_TRACE=1 -faligned-new -Wno-sign-compare -Wno-uninitialized -Wno-unused-but-set-variable -Wno-unused-parameter -Wno-unused-variable -Wno-shadow     -fPIC --std=c++11   -c -o pyverilator_wrapper.o /workspace/results/step_streamline/pyverilator_ipstitched_sbmbabrg/pyverilator_wrapper.cpp
[2022-11-10 17:32:49,110] g++  -I.  -MMD -I/usr/share/verilator/include -I/usr/share/verilator/include/vltstd -DVL_PRINTF=printf -DVM_COVERAGE=0 -DVM_SC=0 -DVM_TRACE=1 -faligned-new -Wno-sign-compare -Wno-uninitialized -Wno-unused-but-set-variable -Wno-unused-parameter -Wno-unused-variable -Wno-shadow     -fPIC --std=c++11   -c -o verilated.o /usr/share/verilator/include/verilated.cpp
[2022-11-10 17:32:49,110] g++  -I.  -MMD -I/usr/share/verilator/include -I/usr/share/verilator/include/vltstd -DVL_PRINTF=printf -DVM_COVERAGE=0 -DVM_SC=0 -DVM_TRACE=1 -faligned-new -Wno-sign-compare -Wno-uninitialized -Wno-unused-but-set-variable -Wno-unused-parameter -Wno-unused-variable -Wno-shadow     -fPIC --std=c++11   -c -o verilated_vcd_c.o /usr/share/verilator/include/verilated_vcd_c.cpp
[2022-11-10 17:32:49,110] /usr/bin/perl /usr/share/verilator/bin/verilator_includer -DVL_INCLUDE_OPT=include Vfinn_design_wrapper.cpp > Vfinn_design_wrapper__ALLcls.cpp
[2022-11-10 17:32:49,110] g++  -I.  -MMD -I/usr/share/verilator/include -I/usr/share/verilator/include/vltstd -DVL_PRINTF=printf -DVM_COVERAGE=0 -DVM_SC=0 -DVM_TRACE=1 -faligned-new -Wno-sign-compare -Wno-uninitialized -Wno-unused-but-set-variable -Wno-unused-parameter -Wno-unused-variable -Wno-shadow     -fPIC --std=c++11   -c -o Vfinn_design_wrapper__ALLcls.o Vfinn_design_wrapper__ALLcls.cpp
[2022-11-10 17:32:49,110] /usr/bin/perl /usr/share/verilator/bin/verilator_includer -DVL_INCLUDE_OPT=include Vfinn_design_wrapper__Trace.cpp Vfinn_design_wrapper__Syms.cpp Vfinn_design_wrapper__Trace__Slow.cpp > Vfinn_design_wrapper__ALLsup.cpp
[2022-11-10 17:32:49,110] g++  -I.  -MMD -I/usr/share/verilator/include -I/usr/share/verilator/include/vltstd -DVL_PRINTF=printf -DVM_COVERAGE=0 -DVM_SC=0 -DVM_TRACE=1 -faligned-new -Wno-sign-compare -Wno-uninitialized -Wno-unused-but-set-variable -Wno-unused-parameter -Wno-unused-variable -Wno-shadow     -fPIC --std=c++11   -c -o Vfinn_design_wrapper__ALLsup.o Vfinn_design_wrapper__ALLsup.cpp
[2022-11-10 17:32:49,110]       Archiving Vfinn_design_wrapper__ALL.a ...
[2022-11-10 17:32:49,110] ar r Vfinn_design_wrapper__ALL.a Vfinn_design_wrapper__ALLcls.o Vfinn_design_wrapper__ALLsup.o
[2022-11-10 17:32:49,110] ranlib Vfinn_design_wrapper__ALL.a
[2022-11-10 17:32:49,111] g++ -fPIC -shared pyverilator_wrapper.o verilated.o verilated_vcd_c.o Vfinn_design_wrapper__ALL.a    -o Vfinn_design_wrapper -lm -lstdc++  2>&1 | c++filt
[2022-11-10 17:32:49,111] make: Leaving directory '/workspace/results/step_streamline/pyverilator_ipstitched_sbmbabrg'
[2022-11-10 17:32:49,111] ar: creating Vfinn_design_wrapper__ALL.a
[2022-11-10 17:32:49,283] /workspace/finn/src/finn/transformation/fpgadataflow/prepare_ip.py:57: UserWarning: Using pre-existing code for MatrixVectorActivation_0
[2022-11-10 17:32:49,284]   warnings.warn("Using pre-existing code for %s" % node.name)
[2022-11-10 17:32:49,284] /workspace/finn/src/finn/transformation/fpgadataflow/prepare_ip.py:57: UserWarning: Using pre-existing code for StreamingDataWidthConverter_Batch_0
[2022-11-10 17:32:49,284]   warnings.warn("Using pre-existing code for %s" % node.name)
[2022-11-10 17:32:49,284] /workspace/finn/src/finn/transformation/fpgadataflow/prepare_ip.py:57: UserWarning: Using pre-existing code for MatrixVectorActivation_1
[2022-11-10 17:32:49,284]   warnings.warn("Using pre-existing code for %s" % node.name)
[2022-11-10 17:32:49,285] /workspace/finn/src/finn/transformation/fpgadataflow/prepare_ip.py:57: UserWarning: Using pre-existing code for StreamingDataWidthConverter_Batch_1
[2022-11-10 17:32:49,285]   warnings.warn("Using pre-existing code for %s" % node.name)
[2022-11-10 17:32:49,285] /workspace/finn/src/finn/transformation/fpgadataflow/prepare_ip.py:57: UserWarning: Using pre-existing code for MatrixVectorActivation_2
[2022-11-10 17:32:49,285]   warnings.warn("Using pre-existing code for %s" % node.name)
[2022-11-10 17:32:49,286] /workspace/finn/src/finn/transformation/fpgadataflow/prepare_ip.py:57: UserWarning: Using pre-existing code for MatrixVectorActivation_3
[2022-11-10 17:32:49,286]   warnings.warn("Using pre-existing code for %s" % node.name)
[2022-11-10 17:32:49,376] /workspace/finn/src/finn/transformation/fpgadataflow/hlssynth_ip.py:71: UserWarning: Using pre-existing IP for MatrixVectorActivation_3
[2022-11-10 17:32:49,377]   warnings.warn("Using pre-existing IP for %s" % node.name)
[2022-11-10 17:32:49,378] /workspace/finn/src/finn/transformation/fpgadataflow/hlssynth_ip.py:71: UserWarning: Using pre-existing IP for MatrixVectorActivation_2
[2022-11-10 17:32:49,378] /workspace/finn/src/finn/transformation/fpgadataflow/hlssynth_ip.py:71: UserWarning: Using pre-existing IP for StreamingDataWidthConverter_Batch_1
[2022-11-10 17:32:49,379]   warnings.warn("Using pre-existing IP for %s" % node.name)
[2022-11-10 17:32:49,379]   warnings.warn("Using pre-existing IP for %s" % node.name)
[2022-11-10 17:32:49,379] /workspace/finn/src/finn/transformation/fpgadataflow/hlssynth_ip.py:71: UserWarning: Using pre-existing IP for StreamingDataWidthConverter_Batch_0
[2022-11-10 17:32:49,379] /workspace/finn/src/finn/transformation/fpgadataflow/hlssynth_ip.py:71: UserWarning: Using pre-existing IP for MatrixVectorActivation_1
[2022-11-10 17:32:49,380]   warnings.warn("Using pre-existing IP for %s" % node.name)
[2022-11-10 17:32:49,380]   warnings.warn("Using pre-existing IP for %s" % node.name)
[2022-11-10 17:32:49,380] /workspace/finn/src/finn/transformation/fpgadataflow/hlssynth_ip.py:71: UserWarning: Using pre-existing IP for MatrixVectorActivation_0
[2022-11-10 17:32:49,381]   warnings.warn("Using pre-existing IP for %s" % node.name)
[2022-11-10 17:33:12,137] Running step: step_create_stitched_ip [9/14]
[2022-11-10 17:33:12,144] Running step: step_measure_rtlsim_performance [10/14]
[2022-11-10 17:33:12,150] Running step: step_out_of_context_synthesis [11/14]
[2022-11-10 17:33:12,155] Running step: step_synthesize_bitfile [12/14]
[2022-11-10 17:33:12,181] /workspace/finn/src/finn/transformation/fpgadataflow/floorplan.py:108: UserWarning: 9 nodes have no entry in the provided floorplan, SLR was set to -1
[2022-11-10 17:33:12,181]   warnings.warn(
[2022-11-10 17:34:34,177] /workspace/finn/src/finn/transformation/fpgadataflow/insert_fifo.py:236: UserWarning: Overriding output FIFO depth to 32
[2022-11-10 17:34:34,178]   warnings.warn("Overriding output FIFO depth to 32")
[2022-11-10 17:34:34,186] /workspace/finn/src/finn/transformation/fpgadataflow/prepare_ip.py:57: UserWarning: Using pre-existing code for StreamingDataflowPartition_1_StreamingFIFO_0
[2022-11-10 17:34:34,186]   warnings.warn("Using pre-existing code for %s" % node.name)
[2022-11-10 17:34:34,187] /workspace/finn/src/finn/transformation/fpgadataflow/prepare_ip.py:57: UserWarning: Using pre-existing code for StreamingDataflowPartition_1_MatrixVectorActivation_0
[2022-11-10 17:34:34,187]   warnings.warn("Using pre-existing code for %s" % node.name)
[2022-11-10 17:34:34,187] /workspace/finn/src/finn/transformation/fpgadataflow/prepare_ip.py:57: UserWarning: Using pre-existing code for StreamingDataflowPartition_1_StreamingDataWidthConverter_Batch_0
[2022-11-10 17:34:34,187]   warnings.warn("Using pre-existing code for %s" % node.name)
[2022-11-10 17:34:34,187] /workspace/finn/src/finn/transformation/fpgadataflow/prepare_ip.py:57: UserWarning: Using pre-existing code for StreamingDataflowPartition_1_MatrixVectorActivation_1
[2022-11-10 17:34:34,187]   warnings.warn("Using pre-existing code for %s" % node.name)
[2022-11-10 17:34:34,188] /workspace/finn/src/finn/transformation/fpgadataflow/prepare_ip.py:57: UserWarning: Using pre-existing code for StreamingDataflowPartition_1_StreamingDataWidthConverter_Batch_1
[2022-11-10 17:34:34,188]   warnings.warn("Using pre-existing code for %s" % node.name)
[2022-11-10 17:34:34,188] /workspace/finn/src/finn/transformation/fpgadataflow/prepare_ip.py:57: UserWarning: Using pre-existing code for StreamingDataflowPartition_1_MatrixVectorActivation_2
[2022-11-10 17:34:34,188]   warnings.warn("Using pre-existing code for %s" % node.name)
[2022-11-10 17:34:34,188] /workspace/finn/src/finn/transformation/fpgadataflow/prepare_ip.py:57: UserWarning: Using pre-existing code for StreamingDataflowPartition_1_MatrixVectorActivation_3
[2022-11-10 17:34:34,188]   warnings.warn("Using pre-existing code for %s" % node.name)
[2022-11-10 17:34:34,285] /workspace/finn/src/finn/transformation/fpgadataflow/hlssynth_ip.py:71: UserWarning: Using pre-existing IP for StreamingDataflowPartition_1_MatrixVectorActivation_2
[2022-11-10 17:34:34,285]   warnings.warn("Using pre-existing IP for %s" % node.name)
[2022-11-10 17:34:34,286] /workspace/finn/src/finn/transformation/fpgadataflow/hlssynth_ip.py:71: UserWarning: Using pre-existing IP for StreamingDataflowPartition_1_MatrixVectorActivation_3
[2022-11-10 17:34:34,286] /workspace/finn/src/finn/transformation/fpgadataflow/hlssynth_ip.py:71: UserWarning: Using pre-existing IP for StreamingDataflowPartition_1_StreamingDataWidthConverter_Batch_1
[2022-11-10 17:34:34,287]   warnings.warn("Using pre-existing IP for %s" % node.name)
[2022-11-10 17:34:34,287]   warnings.warn("Using pre-existing IP for %s" % node.name)
[2022-11-10 17:34:34,286] /workspace/finn/src/finn/transformation/fpgadataflow/hlssynth_ip.py:71: UserWarning: Using pre-existing IP for StreamingDataflowPartition_1_MatrixVectorActivation_1
[2022-11-10 17:34:34,286] /workspace/finn/src/finn/transformation/fpgadataflow/hlssynth_ip.py:71: UserWarning: Using pre-existing IP for StreamingDataflowPartition_1_StreamingDataWidthConverter_Batch_0
[2022-11-10 17:34:34,287]   warnings.warn("Using pre-existing IP for %s" % node.name)
[2022-11-10 17:34:34,287]   warnings.warn("Using pre-existing IP for %s" % node.name)
[2022-11-10 17:34:34,287] /workspace/finn/src/finn/transformation/fpgadataflow/hlssynth_ip.py:71: UserWarning: Using pre-existing IP for StreamingDataflowPartition_1_MatrixVectorActivation_0
[2022-11-10 17:34:34,288]   warnings.warn("Using pre-existing IP for %s" % node.name)
[2022-11-10 17:34:34,288] /workspace/finn/src/finn/transformation/fpgadataflow/hlssynth_ip.py:71: UserWarning: Using pre-existing IP for StreamingDataflowPartition_1_StreamingFIFO_0
[2022-11-10 17:34:34,288]   warnings.warn("Using pre-existing IP for %s" % node.name)
[2022-11-10 18:04:44,810] Bitfile written into build-step_streamline/bitfile
[2022-11-10 18:04:44,814] Running step: step_make_pynq_driver [13/14]
[2022-11-10 18:04:44,929] PYNQ Python driver written into build-step_streamline/driver
[2022-11-10 18:04:44,931] Running step: step_deployment_package [14/14]
