[2022-10-14 13:46:14,287] Running step: step_qonnx_to_finn [1/17]
[2022-10-14 13:46:14,290] Running step: step_tidy_up [2/17]
[2022-10-14 13:46:14,308] Running step: step_streamline [3/17]
[2022-10-14 13:46:14,425] /workspace/qonnx/src/qonnx/transformation/infer_data_layouts.py:119: UserWarning: Assuming 4D input is NCHW
[2022-10-14 13:46:14,425]   warnings.warn("Assuming 4D input is NCHW")
[2022-10-14 13:46:14,429] Running step: step_convert_to_hls [4/17]
[2022-10-14 13:46:14,543] Running step: step_create_dataflow_partition [5/17]
[2022-10-14 13:46:14,557] Running step: step_target_fps_parallelization [6/17]
[2022-10-14 13:46:14,562] /workspace/finn/src/finn/transformation/fpgadataflow/set_folding.py:203: UserWarning: Node ConvolutionInputGenerator_0 is bottleneck with 591366 cycles, running second pass
[2022-10-14 13:46:14,562]   warnings.warn(
[2022-10-14 13:46:14,569] Running step: step_apply_folding_config [7/17]
[2022-10-14 13:46:14,571] Running step: step_generate_estimate_reports [8/17]
[2022-10-14 13:46:14,573] Running step: step_hls_codegen [9/17]
[2022-10-14 13:46:14,650] Running step: step_hls_ipgen [10/17]
[2022-10-14 13:47:11,056] Running step: step_set_fifo_depths [11/17]
[2022-10-14 13:47:11,257] /workspace/finn/src/finn/transformation/fpgadataflow/prepare_ip.py:57: UserWarning: Using pre-existing code for FMPadding_Batch_0
[2022-10-14 13:47:11,257]   warnings.warn("Using pre-existing code for %s" % node.name)
[2022-10-14 13:47:11,269] /workspace/finn/src/finn/transformation/fpgadataflow/prepare_ip.py:57: UserWarning: Using pre-existing code for ConvolutionInputGenerator_0
[2022-10-14 13:47:11,270]   warnings.warn("Using pre-existing code for %s" % node.name)
[2022-10-14 13:47:11,373] /workspace/finn/src/finn/transformation/fpgadataflow/prepare_ip.py:57: UserWarning: Using pre-existing code for MatrixVectorActivation_0
[2022-10-14 13:47:11,373]   warnings.warn("Using pre-existing code for %s" % node.name)
[2022-10-14 13:47:11,457] /workspace/finn/src/finn/transformation/fpgadataflow/hlssynth_ip.py:71: UserWarning: Using pre-existing IP for MatrixVectorActivation_0
[2022-10-14 13:47:11,458]   warnings.warn("Using pre-existing IP for %s" % node.name)
[2022-10-14 13:47:11,458] /workspace/finn/src/finn/transformation/fpgadataflow/hlssynth_ip.py:71: UserWarning: Using pre-existing IP for ConvolutionInputGenerator_0
[2022-10-14 13:47:11,458]   warnings.warn("Using pre-existing IP for %s" % node.name)
[2022-10-14 13:47:11,458] /workspace/finn/src/finn/transformation/fpgadataflow/hlssynth_ip.py:71: UserWarning: Using pre-existing IP for FMPadding_Batch_0
[2022-10-14 13:47:11,459]   warnings.warn("Using pre-existing IP for %s" % node.name)
[2022-10-14 13:48:36,751] make: Entering directory '/workspace/results/pyverilator_ipstitched_cob4rhar'
[2022-10-14 13:48:36,752] g++  -I.  -MMD -I/usr/share/verilator/include -I/usr/share/verilator/include/vltstd -DVL_PRINTF=printf -DVM_COVERAGE=0 -DVM_SC=0 -DVM_TRACE=1 -faligned-new -Wno-sign-compare -Wno-uninitialized -Wno-unused-but-set-variable -Wno-unused-parameter -Wno-unused-variable -Wno-shadow     -fPIC --std=c++11   -c -o pyverilator_wrapper.o /workspace/results/pyverilator_ipstitched_cob4rhar/pyverilator_wrapper.cpp
[2022-10-14 13:48:36,753] g++  -I.  -MMD -I/usr/share/verilator/include -I/usr/share/verilator/include/vltstd -DVL_PRINTF=printf -DVM_COVERAGE=0 -DVM_SC=0 -DVM_TRACE=1 -faligned-new -Wno-sign-compare -Wno-uninitialized -Wno-unused-but-set-variable -Wno-unused-parameter -Wno-unused-variable -Wno-shadow     -fPIC --std=c++11   -c -o verilated.o /usr/share/verilator/include/verilated.cpp
[2022-10-14 13:48:36,753] g++  -I.  -MMD -I/usr/share/verilator/include -I/usr/share/verilator/include/vltstd -DVL_PRINTF=printf -DVM_COVERAGE=0 -DVM_SC=0 -DVM_TRACE=1 -faligned-new -Wno-sign-compare -Wno-uninitialized -Wno-unused-but-set-variable -Wno-unused-parameter -Wno-unused-variable -Wno-shadow     -fPIC --std=c++11   -c -o verilated_vcd_c.o /usr/share/verilator/include/verilated_vcd_c.cpp
[2022-10-14 13:48:36,753] /usr/bin/perl /usr/share/verilator/bin/verilator_includer -DVL_INCLUDE_OPT=include Vfinn_design_wrapper.cpp > Vfinn_design_wrapper__ALLcls.cpp
[2022-10-14 13:48:36,753] g++  -I.  -MMD -I/usr/share/verilator/include -I/usr/share/verilator/include/vltstd -DVL_PRINTF=printf -DVM_COVERAGE=0 -DVM_SC=0 -DVM_TRACE=1 -faligned-new -Wno-sign-compare -Wno-uninitialized -Wno-unused-but-set-variable -Wno-unused-parameter -Wno-unused-variable -Wno-shadow     -fPIC --std=c++11   -c -o Vfinn_design_wrapper__ALLcls.o Vfinn_design_wrapper__ALLcls.cpp
[2022-10-14 13:48:36,753] /usr/bin/perl /usr/share/verilator/bin/verilator_includer -DVL_INCLUDE_OPT=include Vfinn_design_wrapper__Trace.cpp Vfinn_design_wrapper__Syms.cpp Vfinn_design_wrapper__Trace__Slow.cpp > Vfinn_design_wrapper__ALLsup.cpp
[2022-10-14 13:48:36,753] g++  -I.  -MMD -I/usr/share/verilator/include -I/usr/share/verilator/include/vltstd -DVL_PRINTF=printf -DVM_COVERAGE=0 -DVM_SC=0 -DVM_TRACE=1 -faligned-new -Wno-sign-compare -Wno-uninitialized -Wno-unused-but-set-variable -Wno-unused-parameter -Wno-unused-variable -Wno-shadow     -fPIC --std=c++11   -c -o Vfinn_design_wrapper__ALLsup.o Vfinn_design_wrapper__ALLsup.cpp
[2022-10-14 13:48:36,753]       Archiving Vfinn_design_wrapper__ALL.a ...
[2022-10-14 13:48:36,753] ar r Vfinn_design_wrapper__ALL.a Vfinn_design_wrapper__ALLcls.o Vfinn_design_wrapper__ALLsup.o
[2022-10-14 13:48:36,753] ranlib Vfinn_design_wrapper__ALL.a
[2022-10-14 13:48:36,753] g++ -fPIC -shared pyverilator_wrapper.o verilated.o verilated_vcd_c.o Vfinn_design_wrapper__ALL.a    -o Vfinn_design_wrapper -lm -lstdc++  2>&1 | c++filt
[2022-10-14 13:48:36,754] make: Leaving directory '/workspace/results/pyverilator_ipstitched_cob4rhar'
[2022-10-14 13:48:36,754] ar: creating Vfinn_design_wrapper__ALL.a
[2022-10-14 13:50:32,750] /workspace/finn/src/finn/transformation/fpgadataflow/prepare_ip.py:57: UserWarning: Using pre-existing code for FMPadding_Batch_0
[2022-10-14 13:50:32,750]   warnings.warn("Using pre-existing code for %s" % node.name)
[2022-10-14 13:50:32,759] /workspace/finn/src/finn/transformation/fpgadataflow/prepare_ip.py:57: UserWarning: Using pre-existing code for ConvolutionInputGenerator_0
[2022-10-14 13:50:32,759]   warnings.warn("Using pre-existing code for %s" % node.name)
[2022-10-14 13:50:32,759] /workspace/finn/src/finn/transformation/fpgadataflow/prepare_ip.py:57: UserWarning: Using pre-existing code for StreamingDataWidthConverter_Batch_0
[2022-10-14 13:50:32,759]   warnings.warn("Using pre-existing code for %s" % node.name)
[2022-10-14 13:50:32,760] /workspace/finn/src/finn/transformation/fpgadataflow/prepare_ip.py:57: UserWarning: Using pre-existing code for MatrixVectorActivation_0
[2022-10-14 13:50:32,760]   warnings.warn("Using pre-existing code for %s" % node.name)
[2022-10-14 13:50:32,827] /workspace/finn/src/finn/transformation/fpgadataflow/hlssynth_ip.py:71: UserWarning: Using pre-existing IP for MatrixVectorActivation_0
[2022-10-14 13:50:32,827]   warnings.warn("Using pre-existing IP for %s" % node.name)
[2022-10-14 13:50:32,828] /workspace/finn/src/finn/transformation/fpgadataflow/hlssynth_ip.py:71: UserWarning: Using pre-existing IP for StreamingDataWidthConverter_Batch_0
[2022-10-14 13:50:32,829]   warnings.warn("Using pre-existing IP for %s" % node.name)
[2022-10-14 13:50:32,828] /workspace/finn/src/finn/transformation/fpgadataflow/hlssynth_ip.py:71: UserWarning: Using pre-existing IP for ConvolutionInputGenerator_0
[2022-10-14 13:50:32,829]   warnings.warn("Using pre-existing IP for %s" % node.name)
[2022-10-14 13:50:32,829] /workspace/finn/src/finn/transformation/fpgadataflow/hlssynth_ip.py:71: UserWarning: Using pre-existing IP for FMPadding_Batch_0
[2022-10-14 13:50:32,830]   warnings.warn("Using pre-existing IP for %s" % node.name)
[2022-10-14 13:50:57,911] Running step: step_create_stitched_ip [12/17]
[2022-10-14 13:50:57,915] Running step: step_measure_rtlsim_performance [13/17]
[2022-10-14 13:50:57,917] Running step: step_out_of_context_synthesis [14/17]
[2022-10-14 13:50:57,919] Running step: step_synthesize_bitfile [15/17]
[2022-10-14 13:50:57,939] /workspace/finn/src/finn/transformation/fpgadataflow/floorplan.py:108: UserWarning: 8 nodes have no entry in the provided floorplan, SLR was set to -1
[2022-10-14 13:50:57,939]   warnings.warn(
[2022-10-14 13:52:20,081] /workspace/finn/src/finn/transformation/fpgadataflow/insert_fifo.py:236: UserWarning: Overriding output FIFO depth to 32
[2022-10-14 13:52:20,081]   warnings.warn("Overriding output FIFO depth to 32")
[2022-10-14 13:52:20,086] /workspace/finn/src/finn/transformation/fpgadataflow/prepare_ip.py:57: UserWarning: Using pre-existing code for StreamingDataflowPartition_1_StreamingFIFO_0
[2022-10-14 13:52:20,086]   warnings.warn("Using pre-existing code for %s" % node.name)
[2022-10-14 13:52:20,086] /workspace/finn/src/finn/transformation/fpgadataflow/prepare_ip.py:57: UserWarning: Using pre-existing code for StreamingDataflowPartition_1_FMPadding_Batch_0
[2022-10-14 13:52:20,086]   warnings.warn("Using pre-existing code for %s" % node.name)
[2022-10-14 13:52:20,087] /workspace/finn/src/finn/transformation/fpgadataflow/prepare_ip.py:57: UserWarning: Using pre-existing code for StreamingDataflowPartition_1_StreamingFIFO_1
[2022-10-14 13:52:20,087]   warnings.warn("Using pre-existing code for %s" % node.name)
[2022-10-14 13:52:20,087] /workspace/finn/src/finn/transformation/fpgadataflow/prepare_ip.py:57: UserWarning: Using pre-existing code for StreamingDataflowPartition_1_ConvolutionInputGenerator_0
[2022-10-14 13:52:20,087]   warnings.warn("Using pre-existing code for %s" % node.name)
[2022-10-14 13:52:20,087] /workspace/finn/src/finn/transformation/fpgadataflow/prepare_ip.py:57: UserWarning: Using pre-existing code for StreamingDataflowPartition_1_StreamingDataWidthConverter_Batch_0
[2022-10-14 13:52:20,087]   warnings.warn("Using pre-existing code for %s" % node.name)
[2022-10-14 13:52:20,088] /workspace/finn/src/finn/transformation/fpgadataflow/prepare_ip.py:57: UserWarning: Using pre-existing code for StreamingDataflowPartition_1_MatrixVectorActivation_0
[2022-10-14 13:52:20,088]   warnings.warn("Using pre-existing code for %s" % node.name)
[2022-10-14 13:52:20,164] /workspace/finn/src/finn/transformation/fpgadataflow/hlssynth_ip.py:71: UserWarning: Using pre-existing IP for StreamingDataflowPartition_1_StreamingFIFO_0
[2022-10-14 13:52:20,164]   warnings.warn("Using pre-existing IP for %s" % node.name)
[2022-10-14 13:52:20,165] /workspace/finn/src/finn/transformation/fpgadataflow/hlssynth_ip.py:71: UserWarning: Using pre-existing IP for StreamingDataflowPartition_1_StreamingDataWidthConverter_Batch_0
[2022-10-14 13:52:20,165] /workspace/finn/src/finn/transformation/fpgadataflow/hlssynth_ip.py:71: UserWarning: Using pre-existing IP for StreamingDataflowPartition_1_MatrixVectorActivation_0
[2022-10-14 13:52:20,165]   warnings.warn("Using pre-existing IP for %s" % node.name)
[2022-10-14 13:52:20,165]   warnings.warn("Using pre-existing IP for %s" % node.name)
[2022-10-14 13:52:20,165] /workspace/finn/src/finn/transformation/fpgadataflow/hlssynth_ip.py:71: UserWarning: Using pre-existing IP for StreamingDataflowPartition_1_ConvolutionInputGenerator_0
[2022-10-14 13:52:20,166]   warnings.warn("Using pre-existing IP for %s" % node.name)
[2022-10-14 13:52:20,166] /workspace/finn/src/finn/transformation/fpgadataflow/hlssynth_ip.py:71: UserWarning: Using pre-existing IP for StreamingDataflowPartition_1_FMPadding_Batch_0
[2022-10-14 13:52:20,166]   warnings.warn("Using pre-existing IP for %s" % node.name)
[2022-10-14 13:52:20,166] /workspace/finn/src/finn/transformation/fpgadataflow/hlssynth_ip.py:71: UserWarning: Using pre-existing IP for StreamingDataflowPartition_1_StreamingFIFO_1
[2022-10-14 13:52:20,167]   warnings.warn("Using pre-existing IP for %s" % node.name)
[2022-10-14 14:21:20,225] Bitfile written into output_final_conv16x16/bitfile
[2022-10-14 14:21:20,230] Running step: step_make_pynq_driver [16/17]
[2022-10-14 14:22:31,783] PYNQ Python driver written into output_final_conv16x16/driver
[2022-10-14 14:22:31,787] Running step: step_deployment_package [17/17]
