[2022-10-14 14:50:21,807] Running step: step_qonnx_to_finn [1/17]
[2022-10-14 14:50:21,811] Running step: step_tidy_up [2/17]
[2022-10-14 14:50:21,844] Running step: step_streamline [3/17]
[2022-10-14 14:50:21,920] /workspace/qonnx/src/qonnx/transformation/infer_data_layouts.py:119: UserWarning: Assuming 4D input is NCHW
[2022-10-14 14:50:21,920]   warnings.warn("Assuming 4D input is NCHW")
[2022-10-14 14:50:21,923] Running step: step_convert_to_hls [4/17]
[2022-10-14 14:50:21,972] Running step: step_create_dataflow_partition [5/17]
[2022-10-14 14:50:21,980] Running step: step_target_fps_parallelization [6/17]
[2022-10-14 14:50:21,984] /workspace/finn/src/finn/transformation/fpgadataflow/set_folding.py:203: UserWarning: Node MatrixVectorActivation_0 is bottleneck with 4096 cycles, running second pass
[2022-10-14 14:50:21,984]   warnings.warn(
[2022-10-14 14:50:21,989] Running step: step_apply_folding_config [7/17]
[2022-10-14 14:50:21,991] Running step: step_generate_estimate_reports [8/17]
[2022-10-14 14:50:21,993] Running step: step_hls_codegen [9/17]
[2022-10-14 14:50:22,393] Running step: step_hls_ipgen [10/17]
[2022-10-14 14:52:02,557] Running step: step_set_fifo_depths [11/17]
[2022-10-14 14:52:02,588] /workspace/finn/src/finn/transformation/fpgadataflow/prepare_ip.py:57: UserWarning: Using pre-existing code for MatrixVectorActivation_0
[2022-10-14 14:52:02,588]   warnings.warn("Using pre-existing code for %s" % node.name)
[2022-10-14 14:52:02,691] /workspace/finn/src/finn/transformation/fpgadataflow/hlssynth_ip.py:71: UserWarning: Using pre-existing IP for MatrixVectorActivation_0
[2022-10-14 14:52:02,692]   warnings.warn("Using pre-existing IP for %s" % node.name)
[2022-10-14 14:53:01,851] make: Entering directory '/workspace/results/pyverilator_ipstitched_678gt9ez'
[2022-10-14 14:53:01,852] g++  -I.  -MMD -I/usr/share/verilator/include -I/usr/share/verilator/include/vltstd -DVL_PRINTF=printf -DVM_COVERAGE=0 -DVM_SC=0 -DVM_TRACE=1 -faligned-new -Wno-sign-compare -Wno-uninitialized -Wno-unused-but-set-variable -Wno-unused-parameter -Wno-unused-variable -Wno-shadow     -fPIC --std=c++11   -c -o pyverilator_wrapper.o /workspace/results/pyverilator_ipstitched_678gt9ez/pyverilator_wrapper.cpp
[2022-10-14 14:53:01,853] g++  -I.  -MMD -I/usr/share/verilator/include -I/usr/share/verilator/include/vltstd -DVL_PRINTF=printf -DVM_COVERAGE=0 -DVM_SC=0 -DVM_TRACE=1 -faligned-new -Wno-sign-compare -Wno-uninitialized -Wno-unused-but-set-variable -Wno-unused-parameter -Wno-unused-variable -Wno-shadow     -fPIC --std=c++11   -c -o verilated.o /usr/share/verilator/include/verilated.cpp
[2022-10-14 14:53:01,853] g++  -I.  -MMD -I/usr/share/verilator/include -I/usr/share/verilator/include/vltstd -DVL_PRINTF=printf -DVM_COVERAGE=0 -DVM_SC=0 -DVM_TRACE=1 -faligned-new -Wno-sign-compare -Wno-uninitialized -Wno-unused-but-set-variable -Wno-unused-parameter -Wno-unused-variable -Wno-shadow     -fPIC --std=c++11   -c -o verilated_vcd_c.o /usr/share/verilator/include/verilated_vcd_c.cpp
[2022-10-14 14:53:01,853] /usr/bin/perl /usr/share/verilator/bin/verilator_includer -DVL_INCLUDE_OPT=include Vfinn_design_wrapper.cpp > Vfinn_design_wrapper__ALLcls.cpp
[2022-10-14 14:53:01,853] g++  -I.  -MMD -I/usr/share/verilator/include -I/usr/share/verilator/include/vltstd -DVL_PRINTF=printf -DVM_COVERAGE=0 -DVM_SC=0 -DVM_TRACE=1 -faligned-new -Wno-sign-compare -Wno-uninitialized -Wno-unused-but-set-variable -Wno-unused-parameter -Wno-unused-variable -Wno-shadow     -fPIC --std=c++11   -c -o Vfinn_design_wrapper__ALLcls.o Vfinn_design_wrapper__ALLcls.cpp
[2022-10-14 14:53:01,853] /usr/bin/perl /usr/share/verilator/bin/verilator_includer -DVL_INCLUDE_OPT=include Vfinn_design_wrapper__Trace.cpp Vfinn_design_wrapper__Syms.cpp Vfinn_design_wrapper__Trace__Slow.cpp > Vfinn_design_wrapper__ALLsup.cpp
[2022-10-14 14:53:01,853] g++  -I.  -MMD -I/usr/share/verilator/include -I/usr/share/verilator/include/vltstd -DVL_PRINTF=printf -DVM_COVERAGE=0 -DVM_SC=0 -DVM_TRACE=1 -faligned-new -Wno-sign-compare -Wno-uninitialized -Wno-unused-but-set-variable -Wno-unused-parameter -Wno-unused-variable -Wno-shadow     -fPIC --std=c++11   -c -o Vfinn_design_wrapper__ALLsup.o Vfinn_design_wrapper__ALLsup.cpp
[2022-10-14 14:53:01,853]       Archiving Vfinn_design_wrapper__ALL.a ...
[2022-10-14 14:53:01,853] ar r Vfinn_design_wrapper__ALL.a Vfinn_design_wrapper__ALLcls.o Vfinn_design_wrapper__ALLsup.o
[2022-10-14 14:53:01,853] ranlib Vfinn_design_wrapper__ALL.a
[2022-10-14 14:53:01,853] g++ -fPIC -shared pyverilator_wrapper.o verilated.o verilated_vcd_c.o Vfinn_design_wrapper__ALL.a    -o Vfinn_design_wrapper -lm -lstdc++  2>&1 | c++filt
[2022-10-14 14:53:01,853] make: Leaving directory '/workspace/results/pyverilator_ipstitched_678gt9ez'
[2022-10-14 14:53:01,854] ar: creating Vfinn_design_wrapper__ALL.a
[2022-10-14 14:53:02,646] /workspace/finn/src/finn/transformation/fpgadataflow/prepare_ip.py:57: UserWarning: Using pre-existing code for MatrixVectorActivation_0
[2022-10-14 14:53:02,647]   warnings.warn("Using pre-existing code for %s" % node.name)
[2022-10-14 14:53:02,725] /workspace/finn/src/finn/transformation/fpgadataflow/hlssynth_ip.py:71: UserWarning: Using pre-existing IP for MatrixVectorActivation_0
[2022-10-14 14:53:02,726]   warnings.warn("Using pre-existing IP for %s" % node.name)
[2022-10-14 14:53:27,936] Running step: step_create_stitched_ip [12/17]
[2022-10-14 14:53:27,942] Running step: step_measure_rtlsim_performance [13/17]
[2022-10-14 14:53:27,946] Running step: step_out_of_context_synthesis [14/17]
[2022-10-14 14:53:27,949] Running step: step_synthesize_bitfile [15/17]
[2022-10-14 14:53:27,970] /workspace/finn/src/finn/transformation/fpgadataflow/floorplan.py:108: UserWarning: 4 nodes have no entry in the provided floorplan, SLR was set to -1
[2022-10-14 14:53:27,970]   warnings.warn(
[2022-10-14 14:54:49,117] /workspace/finn/src/finn/transformation/fpgadataflow/insert_fifo.py:236: UserWarning: Overriding output FIFO depth to 32
[2022-10-14 14:54:49,118]   warnings.warn("Overriding output FIFO depth to 32")
[2022-10-14 14:54:49,123] /workspace/finn/src/finn/transformation/fpgadataflow/prepare_ip.py:57: UserWarning: Using pre-existing code for StreamingDataflowPartition_1_StreamingFIFO_0
[2022-10-14 14:54:49,123]   warnings.warn("Using pre-existing code for %s" % node.name)
[2022-10-14 14:54:49,123] /workspace/finn/src/finn/transformation/fpgadataflow/prepare_ip.py:57: UserWarning: Using pre-existing code for StreamingDataflowPartition_1_MatrixVectorActivation_0
[2022-10-14 14:54:49,123]   warnings.warn("Using pre-existing code for %s" % node.name)
[2022-10-14 14:54:49,242] /workspace/finn/src/finn/transformation/fpgadataflow/hlssynth_ip.py:71: UserWarning: Using pre-existing IP for StreamingDataflowPartition_1_MatrixVectorActivation_0
[2022-10-14 14:54:49,242]   warnings.warn("Using pre-existing IP for %s" % node.name)
[2022-10-14 14:54:49,242] /workspace/finn/src/finn/transformation/fpgadataflow/hlssynth_ip.py:71: UserWarning: Using pre-existing IP for StreamingDataflowPartition_1_StreamingFIFO_0
[2022-10-14 14:54:49,243]   warnings.warn("Using pre-existing IP for %s" % node.name)
[2022-10-14 15:42:06,899] Bitfile written into output_final/conv_16x16_output/bitfile
[2022-10-14 15:42:06,905] Running step: step_make_pynq_driver [16/17]
[2022-10-14 15:42:08,421] PYNQ Python driver written into output_final/conv_16x16_output/driver
[2022-10-14 15:42:08,424] Running step: step_deployment_package [17/17]
