[2022-10-12 10:14:10,399] Running step: step_qonnx_to_finn [1/17]
[2022-10-12 10:14:10,405] Running step: step_tidy_up [2/17]
[2022-10-12 10:14:10,430] Running step: step_streamline [3/17]
[2022-10-12 10:14:10,546] /workspace/qonnx/src/qonnx/transformation/infer_data_layouts.py:119: UserWarning: Assuming 4D input is NCHW
[2022-10-12 10:14:10,546]   warnings.warn("Assuming 4D input is NCHW")
[2022-10-12 10:14:10,550] Running step: step_convert_to_hls [4/17]
[2022-10-12 10:14:10,612] Running step: step_create_dataflow_partition [5/17]
[2022-10-12 10:14:10,648] Running step: step_target_fps_parallelization [6/17]
[2022-10-12 10:14:10,659] /workspace/finn/src/finn/transformation/fpgadataflow/set_folding.py:203: UserWarning: Node ConvolutionInputGenerator_0 is bottleneck with 591366 cycles, running second pass
[2022-10-12 10:14:10,659]   warnings.warn(
[2022-10-12 10:14:10,669] Running step: step_apply_folding_config [7/17]
[2022-10-12 10:14:10,672] Running step: step_generate_estimate_reports [8/17]
[2022-10-12 10:14:10,698] Running step: step_hls_codegen [9/17]
[2022-10-12 10:14:10,753] Running step: step_hls_ipgen [10/17]
[2022-10-12 10:15:08,568] Running step: step_set_fifo_depths [11/17]
[2022-10-12 10:15:08,730] /workspace/finn/src/finn/transformation/fpgadataflow/prepare_ip.py:57: UserWarning: Using pre-existing code for FMPadding_Batch_0
[2022-10-12 10:15:08,730]   warnings.warn("Using pre-existing code for %s" % node.name)
[2022-10-12 10:15:08,740] /workspace/finn/src/finn/transformation/fpgadataflow/prepare_ip.py:57: UserWarning: Using pre-existing code for ConvolutionInputGenerator_0
[2022-10-12 10:15:08,740]   warnings.warn("Using pre-existing code for %s" % node.name)
[2022-10-12 10:15:08,834] /workspace/finn/src/finn/transformation/fpgadataflow/prepare_ip.py:57: UserWarning: Using pre-existing code for MatrixVectorActivation_0
[2022-10-12 10:15:08,834]   warnings.warn("Using pre-existing code for %s" % node.name)
[2022-10-12 10:15:08,943] /workspace/finn/src/finn/transformation/fpgadataflow/hlssynth_ip.py:71: UserWarning: Using pre-existing IP for MatrixVectorActivation_0
[2022-10-12 10:15:08,943]   warnings.warn("Using pre-existing IP for %s" % node.name)
[2022-10-12 10:15:08,945] /workspace/finn/src/finn/transformation/fpgadataflow/hlssynth_ip.py:71: UserWarning: Using pre-existing IP for ConvolutionInputGenerator_0
[2022-10-12 10:15:08,946]   warnings.warn("Using pre-existing IP for %s" % node.name)
[2022-10-12 10:15:08,946] /workspace/finn/src/finn/transformation/fpgadataflow/hlssynth_ip.py:71: UserWarning: Using pre-existing IP for FMPadding_Batch_0
[2022-10-12 10:15:08,947]   warnings.warn("Using pre-existing IP for %s" % node.name)
[2022-10-12 10:16:33,714] make: Entering directory '/workspace/results/pyverilator_ipstitched_q321x7_z'
[2022-10-12 10:16:33,717] g++  -I.  -MMD -I/usr/share/verilator/include -I/usr/share/verilator/include/vltstd -DVL_PRINTF=printf -DVM_COVERAGE=0 -DVM_SC=0 -DVM_TRACE=1 -faligned-new -Wno-sign-compare -Wno-uninitialized -Wno-unused-but-set-variable -Wno-unused-parameter -Wno-unused-variable -Wno-shadow     -fPIC --std=c++11   -c -o pyverilator_wrapper.o /workspace/results/pyverilator_ipstitched_q321x7_z/pyverilator_wrapper.cpp
[2022-10-12 10:16:33,717] g++  -I.  -MMD -I/usr/share/verilator/include -I/usr/share/verilator/include/vltstd -DVL_PRINTF=printf -DVM_COVERAGE=0 -DVM_SC=0 -DVM_TRACE=1 -faligned-new -Wno-sign-compare -Wno-uninitialized -Wno-unused-but-set-variable -Wno-unused-parameter -Wno-unused-variable -Wno-shadow     -fPIC --std=c++11   -c -o verilated.o /usr/share/verilator/include/verilated.cpp
[2022-10-12 10:16:33,718] g++  -I.  -MMD -I/usr/share/verilator/include -I/usr/share/verilator/include/vltstd -DVL_PRINTF=printf -DVM_COVERAGE=0 -DVM_SC=0 -DVM_TRACE=1 -faligned-new -Wno-sign-compare -Wno-uninitialized -Wno-unused-but-set-variable -Wno-unused-parameter -Wno-unused-variable -Wno-shadow     -fPIC --std=c++11   -c -o verilated_vcd_c.o /usr/share/verilator/include/verilated_vcd_c.cpp
[2022-10-12 10:16:33,718] /usr/bin/perl /usr/share/verilator/bin/verilator_includer -DVL_INCLUDE_OPT=include Vfinn_design_wrapper.cpp > Vfinn_design_wrapper__ALLcls.cpp
[2022-10-12 10:16:33,718] g++  -I.  -MMD -I/usr/share/verilator/include -I/usr/share/verilator/include/vltstd -DVL_PRINTF=printf -DVM_COVERAGE=0 -DVM_SC=0 -DVM_TRACE=1 -faligned-new -Wno-sign-compare -Wno-uninitialized -Wno-unused-but-set-variable -Wno-unused-parameter -Wno-unused-variable -Wno-shadow     -fPIC --std=c++11   -c -o Vfinn_design_wrapper__ALLcls.o Vfinn_design_wrapper__ALLcls.cpp
[2022-10-12 10:16:33,718] /usr/bin/perl /usr/share/verilator/bin/verilator_includer -DVL_INCLUDE_OPT=include Vfinn_design_wrapper__Trace.cpp Vfinn_design_wrapper__Syms.cpp Vfinn_design_wrapper__Trace__Slow.cpp > Vfinn_design_wrapper__ALLsup.cpp
[2022-10-12 10:16:33,718] g++  -I.  -MMD -I/usr/share/verilator/include -I/usr/share/verilator/include/vltstd -DVL_PRINTF=printf -DVM_COVERAGE=0 -DVM_SC=0 -DVM_TRACE=1 -faligned-new -Wno-sign-compare -Wno-uninitialized -Wno-unused-but-set-variable -Wno-unused-parameter -Wno-unused-variable -Wno-shadow     -fPIC --std=c++11   -c -o Vfinn_design_wrapper__ALLsup.o Vfinn_design_wrapper__ALLsup.cpp
[2022-10-12 10:16:33,718]       Archiving Vfinn_design_wrapper__ALL.a ...
[2022-10-12 10:16:33,718] ar r Vfinn_design_wrapper__ALL.a Vfinn_design_wrapper__ALLcls.o Vfinn_design_wrapper__ALLsup.o
[2022-10-12 10:16:33,718] ranlib Vfinn_design_wrapper__ALL.a
[2022-10-12 10:16:33,718] g++ -fPIC -shared pyverilator_wrapper.o verilated.o verilated_vcd_c.o Vfinn_design_wrapper__ALL.a    -o Vfinn_design_wrapper -lm -lstdc++  2>&1 | c++filt
[2022-10-12 10:16:33,718] make: Leaving directory '/workspace/results/pyverilator_ipstitched_q321x7_z'
[2022-10-12 10:16:33,719] ar: creating Vfinn_design_wrapper__ALL.a
[2022-10-12 10:18:30,618] /workspace/finn/src/finn/transformation/fpgadataflow/prepare_ip.py:57: UserWarning: Using pre-existing code for FMPadding_Batch_0
[2022-10-12 10:18:30,619]   warnings.warn("Using pre-existing code for %s" % node.name)
[2022-10-12 10:18:30,631] /workspace/finn/src/finn/transformation/fpgadataflow/prepare_ip.py:57: UserWarning: Using pre-existing code for ConvolutionInputGenerator_0
[2022-10-12 10:18:30,631]   warnings.warn("Using pre-existing code for %s" % node.name)
[2022-10-12 10:18:30,632] /workspace/finn/src/finn/transformation/fpgadataflow/prepare_ip.py:57: UserWarning: Using pre-existing code for StreamingDataWidthConverter_Batch_0
[2022-10-12 10:18:30,632]   warnings.warn("Using pre-existing code for %s" % node.name)
[2022-10-12 10:18:30,633] /workspace/finn/src/finn/transformation/fpgadataflow/prepare_ip.py:57: UserWarning: Using pre-existing code for MatrixVectorActivation_0
[2022-10-12 10:18:30,633]   warnings.warn("Using pre-existing code for %s" % node.name)
[2022-10-12 10:18:30,724] /workspace/finn/src/finn/transformation/fpgadataflow/hlssynth_ip.py:71: UserWarning: Using pre-existing IP for FMPadding_Batch_0
[2022-10-12 10:18:30,724] /workspace/finn/src/finn/transformation/fpgadataflow/hlssynth_ip.py:71: UserWarning: Using pre-existing IP for StreamingDataWidthConverter_Batch_0
[2022-10-12 10:18:30,725]   warnings.warn("Using pre-existing IP for %s" % node.name)
[2022-10-12 10:18:30,725]   warnings.warn("Using pre-existing IP for %s" % node.name)
[2022-10-12 10:18:30,727] /workspace/finn/src/finn/transformation/fpgadataflow/hlssynth_ip.py:71: UserWarning: Using pre-existing IP for MatrixVectorActivation_0
[2022-10-12 10:18:30,728]   warnings.warn("Using pre-existing IP for %s" % node.name)
[2022-10-12 10:18:30,728] /workspace/finn/src/finn/transformation/fpgadataflow/hlssynth_ip.py:71: UserWarning: Using pre-existing IP for ConvolutionInputGenerator_0
[2022-10-12 10:18:30,728]   warnings.warn("Using pre-existing IP for %s" % node.name)
[2022-10-12 10:18:55,678] Running step: step_create_stitched_ip [12/17]
[2022-10-12 10:18:55,686] Running step: step_measure_rtlsim_performance [13/17]
[2022-10-12 10:18:55,690] Running step: step_out_of_context_synthesis [14/17]
[2022-10-12 10:18:55,693] Running step: step_synthesize_bitfile [15/17]
[2022-10-12 10:18:55,717] /workspace/finn/src/finn/transformation/fpgadataflow/floorplan.py:108: UserWarning: 8 nodes have no entry in the provided floorplan, SLR was set to -1
[2022-10-12 10:18:55,717]   warnings.warn(
[2022-10-12 10:20:21,801] /workspace/finn/src/finn/transformation/fpgadataflow/insert_fifo.py:236: UserWarning: Overriding output FIFO depth to 32
[2022-10-12 10:20:21,802]   warnings.warn("Overriding output FIFO depth to 32")
[2022-10-12 10:20:21,807] /workspace/finn/src/finn/transformation/fpgadataflow/prepare_ip.py:57: UserWarning: Using pre-existing code for StreamingDataflowPartition_1_StreamingFIFO_0
[2022-10-12 10:20:21,807]   warnings.warn("Using pre-existing code for %s" % node.name)
[2022-10-12 10:20:21,807] /workspace/finn/src/finn/transformation/fpgadataflow/prepare_ip.py:57: UserWarning: Using pre-existing code for StreamingDataflowPartition_1_FMPadding_Batch_0
[2022-10-12 10:20:21,808]   warnings.warn("Using pre-existing code for %s" % node.name)
[2022-10-12 10:20:21,808] /workspace/finn/src/finn/transformation/fpgadataflow/prepare_ip.py:57: UserWarning: Using pre-existing code for StreamingDataflowPartition_1_StreamingFIFO_1
[2022-10-12 10:20:21,808]   warnings.warn("Using pre-existing code for %s" % node.name)
[2022-10-12 10:20:21,808] /workspace/finn/src/finn/transformation/fpgadataflow/prepare_ip.py:57: UserWarning: Using pre-existing code for StreamingDataflowPartition_1_ConvolutionInputGenerator_0
[2022-10-12 10:20:21,808]   warnings.warn("Using pre-existing code for %s" % node.name)
[2022-10-12 10:20:21,808] /workspace/finn/src/finn/transformation/fpgadataflow/prepare_ip.py:57: UserWarning: Using pre-existing code for StreamingDataflowPartition_1_StreamingDataWidthConverter_Batch_0
[2022-10-12 10:20:21,808]   warnings.warn("Using pre-existing code for %s" % node.name)
[2022-10-12 10:20:21,809] /workspace/finn/src/finn/transformation/fpgadataflow/prepare_ip.py:57: UserWarning: Using pre-existing code for StreamingDataflowPartition_1_MatrixVectorActivation_0
[2022-10-12 10:20:21,809]   warnings.warn("Using pre-existing code for %s" % node.name)
[2022-10-12 10:20:21,925] /workspace/finn/src/finn/transformation/fpgadataflow/hlssynth_ip.py:71: UserWarning: Using pre-existing IP for StreamingDataflowPartition_1_StreamingDataWidthConverter_Batch_0
[2022-10-12 10:20:21,925] /workspace/finn/src/finn/transformation/fpgadataflow/hlssynth_ip.py:71: UserWarning: Using pre-existing IP for StreamingDataflowPartition_1_FMPadding_Batch_0
[2022-10-12 10:20:21,925]   warnings.warn("Using pre-existing IP for %s" % node.name)
[2022-10-12 10:20:21,925]   warnings.warn("Using pre-existing IP for %s" % node.name)
[2022-10-12 10:20:21,925] /workspace/finn/src/finn/transformation/fpgadataflow/hlssynth_ip.py:71: UserWarning: Using pre-existing IP for StreamingDataflowPartition_1_MatrixVectorActivation_0
[2022-10-12 10:20:21,925]   warnings.warn("Using pre-existing IP for %s" % node.name)
[2022-10-12 10:20:21,925] /workspace/finn/src/finn/transformation/fpgadataflow/hlssynth_ip.py:71: UserWarning: Using pre-existing IP for StreamingDataflowPartition_1_StreamingFIFO_0
[2022-10-12 10:20:21,925] /workspace/finn/src/finn/transformation/fpgadataflow/hlssynth_ip.py:71: UserWarning: Using pre-existing IP for StreamingDataflowPartition_1_StreamingFIFO_1
[2022-10-12 10:20:21,926]   warnings.warn("Using pre-existing IP for %s" % node.name)
[2022-10-12 10:20:21,926]   warnings.warn("Using pre-existing IP for %s" % node.name)
[2022-10-12 10:20:21,926] /workspace/finn/src/finn/transformation/fpgadataflow/hlssynth_ip.py:71: UserWarning: Using pre-existing IP for StreamingDataflowPartition_1_ConvolutionInputGenerator_0
[2022-10-12 10:20:21,926]   warnings.warn("Using pre-existing IP for %s" % node.name)
[2022-10-12 10:49:32,397] Bitfile written into output_final/bitfile
[2022-10-12 10:49:32,404] Running step: step_make_pynq_driver [16/17]
[2022-10-12 10:50:43,494] PYNQ Python driver written into output_final/driver
[2022-10-12 10:50:43,499] Running step: step_deployment_package [17/17]
