[2022-10-18 14:40:52,615] Running step: step_qonnx_to_finn [1/17]
[2022-10-18 14:40:52,619] Running step: step_tidy_up [2/17]
[2022-10-18 14:40:52,627] Running step: step_streamline [3/17]
[2022-10-18 14:40:52,831] /workspace/qonnx/src/qonnx/transformation/infer_data_layouts.py:119: UserWarning: Assuming 4D input is NCHW
[2022-10-18 14:40:52,831]   warnings.warn("Assuming 4D input is NCHW")
[2022-10-18 14:40:52,834] Running step: step_convert_to_hls [4/17]
[2022-10-18 14:40:52,880] Running step: step_create_dataflow_partition [5/17]
[2022-10-18 14:40:52,889] Running step: step_target_fps_parallelization [6/17]
[2022-10-18 14:40:52,893] /workspace/finn/src/finn/transformation/fpgadataflow/set_folding.py:203: UserWarning: Node ConvolutionInputGenerator_0 is bottleneck with 591366 cycles, running second pass
[2022-10-18 14:40:52,893]   warnings.warn(
[2022-10-18 14:40:52,899] Running step: step_apply_folding_config [7/17]
[2022-10-18 14:40:52,900] Running step: step_generate_estimate_reports [8/17]
[2022-10-18 14:40:52,901] Running step: step_hls_codegen [9/17]
[2022-10-18 14:40:52,947] Running step: step_hls_ipgen [10/17]
[2022-10-18 14:41:50,353] Running step: step_set_fifo_depths [11/17]
[2022-10-18 14:41:50,558] /workspace/finn/src/finn/transformation/fpgadataflow/prepare_ip.py:57: UserWarning: Using pre-existing code for FMPadding_Batch_0
[2022-10-18 14:41:50,558]   warnings.warn("Using pre-existing code for %s" % node.name)
[2022-10-18 14:41:50,568] /workspace/finn/src/finn/transformation/fpgadataflow/prepare_ip.py:57: UserWarning: Using pre-existing code for ConvolutionInputGenerator_0
[2022-10-18 14:41:50,568]   warnings.warn("Using pre-existing code for %s" % node.name)
[2022-10-18 14:41:50,672] /workspace/finn/src/finn/transformation/fpgadataflow/prepare_ip.py:57: UserWarning: Using pre-existing code for MatrixVectorActivation_0
[2022-10-18 14:41:50,672]   warnings.warn("Using pre-existing code for %s" % node.name)
[2022-10-18 14:41:50,746] /workspace/finn/src/finn/transformation/fpgadataflow/hlssynth_ip.py:71: UserWarning: Using pre-existing IP for ConvolutionInputGenerator_0
[2022-10-18 14:41:50,746]   warnings.warn("Using pre-existing IP for %s" % node.name)
[2022-10-18 14:41:50,747] /workspace/finn/src/finn/transformation/fpgadataflow/hlssynth_ip.py:71: UserWarning: Using pre-existing IP for MatrixVectorActivation_0
[2022-10-18 14:41:50,748]   warnings.warn("Using pre-existing IP for %s" % node.name)
[2022-10-18 14:41:50,749] /workspace/finn/src/finn/transformation/fpgadataflow/hlssynth_ip.py:71: UserWarning: Using pre-existing IP for FMPadding_Batch_0
[2022-10-18 14:41:50,749]   warnings.warn("Using pre-existing IP for %s" % node.name)
[2022-10-18 14:43:14,910] make: Entering directory '/workspace/results/BatchNormalization_10/pyverilator_ipstitched_lq8y3lqv'
[2022-10-18 14:43:14,911] g++  -I.  -MMD -I/usr/share/verilator/include -I/usr/share/verilator/include/vltstd -DVL_PRINTF=printf -DVM_COVERAGE=0 -DVM_SC=0 -DVM_TRACE=1 -faligned-new -Wno-sign-compare -Wno-uninitialized -Wno-unused-but-set-variable -Wno-unused-parameter -Wno-unused-variable -Wno-shadow     -fPIC --std=c++11   -c -o pyverilator_wrapper.o /workspace/results/BatchNormalization_10//pyverilator_ipstitched_lq8y3lqv/pyverilator_wrapper.cpp
[2022-10-18 14:43:14,911] g++  -I.  -MMD -I/usr/share/verilator/include -I/usr/share/verilator/include/vltstd -DVL_PRINTF=printf -DVM_COVERAGE=0 -DVM_SC=0 -DVM_TRACE=1 -faligned-new -Wno-sign-compare -Wno-uninitialized -Wno-unused-but-set-variable -Wno-unused-parameter -Wno-unused-variable -Wno-shadow     -fPIC --std=c++11   -c -o verilated.o /usr/share/verilator/include/verilated.cpp
[2022-10-18 14:43:14,911] g++  -I.  -MMD -I/usr/share/verilator/include -I/usr/share/verilator/include/vltstd -DVL_PRINTF=printf -DVM_COVERAGE=0 -DVM_SC=0 -DVM_TRACE=1 -faligned-new -Wno-sign-compare -Wno-uninitialized -Wno-unused-but-set-variable -Wno-unused-parameter -Wno-unused-variable -Wno-shadow     -fPIC --std=c++11   -c -o verilated_vcd_c.o /usr/share/verilator/include/verilated_vcd_c.cpp
[2022-10-18 14:43:14,911] /usr/bin/perl /usr/share/verilator/bin/verilator_includer -DVL_INCLUDE_OPT=include Vfinn_design_wrapper.cpp > Vfinn_design_wrapper__ALLcls.cpp
[2022-10-18 14:43:14,911] g++  -I.  -MMD -I/usr/share/verilator/include -I/usr/share/verilator/include/vltstd -DVL_PRINTF=printf -DVM_COVERAGE=0 -DVM_SC=0 -DVM_TRACE=1 -faligned-new -Wno-sign-compare -Wno-uninitialized -Wno-unused-but-set-variable -Wno-unused-parameter -Wno-unused-variable -Wno-shadow     -fPIC --std=c++11   -c -o Vfinn_design_wrapper__ALLcls.o Vfinn_design_wrapper__ALLcls.cpp
[2022-10-18 14:43:14,912] /usr/bin/perl /usr/share/verilator/bin/verilator_includer -DVL_INCLUDE_OPT=include Vfinn_design_wrapper__Trace.cpp Vfinn_design_wrapper__Syms.cpp Vfinn_design_wrapper__Trace__Slow.cpp > Vfinn_design_wrapper__ALLsup.cpp
[2022-10-18 14:43:14,912] g++  -I.  -MMD -I/usr/share/verilator/include -I/usr/share/verilator/include/vltstd -DVL_PRINTF=printf -DVM_COVERAGE=0 -DVM_SC=0 -DVM_TRACE=1 -faligned-new -Wno-sign-compare -Wno-uninitialized -Wno-unused-but-set-variable -Wno-unused-parameter -Wno-unused-variable -Wno-shadow     -fPIC --std=c++11   -c -o Vfinn_design_wrapper__ALLsup.o Vfinn_design_wrapper__ALLsup.cpp
[2022-10-18 14:43:14,912]       Archiving Vfinn_design_wrapper__ALL.a ...
[2022-10-18 14:43:14,912] ar r Vfinn_design_wrapper__ALL.a Vfinn_design_wrapper__ALLcls.o Vfinn_design_wrapper__ALLsup.o
[2022-10-18 14:43:14,912] ranlib Vfinn_design_wrapper__ALL.a
[2022-10-18 14:43:14,912] g++ -fPIC -shared pyverilator_wrapper.o verilated.o verilated_vcd_c.o Vfinn_design_wrapper__ALL.a    -o Vfinn_design_wrapper -lm -lstdc++  2>&1 | c++filt
[2022-10-18 14:43:14,912] make: Leaving directory '/workspace/results/BatchNormalization_10/pyverilator_ipstitched_lq8y3lqv'
[2022-10-18 14:43:14,912] ar: creating Vfinn_design_wrapper__ALL.a
[2022-10-18 14:44:59,560] /workspace/finn/src/finn/transformation/fpgadataflow/prepare_ip.py:57: UserWarning: Using pre-existing code for FMPadding_Batch_0
[2022-10-18 14:44:59,560]   warnings.warn("Using pre-existing code for %s" % node.name)
[2022-10-18 14:44:59,574] /workspace/finn/src/finn/transformation/fpgadataflow/prepare_ip.py:57: UserWarning: Using pre-existing code for ConvolutionInputGenerator_0
[2022-10-18 14:44:59,574]   warnings.warn("Using pre-existing code for %s" % node.name)
[2022-10-18 14:44:59,575] /workspace/finn/src/finn/transformation/fpgadataflow/prepare_ip.py:57: UserWarning: Using pre-existing code for StreamingDataWidthConverter_Batch_0
[2022-10-18 14:44:59,575]   warnings.warn("Using pre-existing code for %s" % node.name)
[2022-10-18 14:44:59,575] /workspace/finn/src/finn/transformation/fpgadataflow/prepare_ip.py:57: UserWarning: Using pre-existing code for MatrixVectorActivation_0
[2022-10-18 14:44:59,575]   warnings.warn("Using pre-existing code for %s" % node.name)
[2022-10-18 14:44:59,658] /workspace/finn/src/finn/transformation/fpgadataflow/hlssynth_ip.py:71: UserWarning: Using pre-existing IP for MatrixVectorActivation_0
[2022-10-18 14:44:59,659]   warnings.warn("Using pre-existing IP for %s" % node.name)
[2022-10-18 14:44:59,660] /workspace/finn/src/finn/transformation/fpgadataflow/hlssynth_ip.py:71: UserWarning: Using pre-existing IP for StreamingDataWidthConverter_Batch_0
[2022-10-18 14:44:59,661]   warnings.warn("Using pre-existing IP for %s" % node.name)
[2022-10-18 14:44:59,660] /workspace/finn/src/finn/transformation/fpgadataflow/hlssynth_ip.py:71: UserWarning: Using pre-existing IP for ConvolutionInputGenerator_0
[2022-10-18 14:44:59,661]   warnings.warn("Using pre-existing IP for %s" % node.name)
[2022-10-18 14:44:59,661] /workspace/finn/src/finn/transformation/fpgadataflow/hlssynth_ip.py:71: UserWarning: Using pre-existing IP for FMPadding_Batch_0
[2022-10-18 14:44:59,662]   warnings.warn("Using pre-existing IP for %s" % node.name)
[2022-10-18 14:45:22,953] Running step: step_create_stitched_ip [12/17]
[2022-10-18 14:45:22,956] Running step: step_measure_rtlsim_performance [13/17]
[2022-10-18 14:45:22,959] Running step: step_out_of_context_synthesis [14/17]
[2022-10-18 14:45:22,962] Running step: step_synthesize_bitfile [15/17]
[2022-10-18 14:45:22,980] /workspace/finn/src/finn/transformation/fpgadataflow/floorplan.py:108: UserWarning: 8 nodes have no entry in the provided floorplan, SLR was set to -1
[2022-10-18 14:45:22,980]   warnings.warn(
[2022-10-18 14:46:47,931] /workspace/finn/src/finn/transformation/fpgadataflow/insert_fifo.py:236: UserWarning: Overriding output FIFO depth to 32
[2022-10-18 14:46:47,934]   warnings.warn("Overriding output FIFO depth to 32")
[2022-10-18 14:46:47,946] /workspace/finn/src/finn/transformation/fpgadataflow/prepare_ip.py:57: UserWarning: Using pre-existing code for StreamingDataflowPartition_1_StreamingFIFO_0
[2022-10-18 14:46:47,946]   warnings.warn("Using pre-existing code for %s" % node.name)
[2022-10-18 14:46:47,949] /workspace/finn/src/finn/transformation/fpgadataflow/prepare_ip.py:57: UserWarning: Using pre-existing code for StreamingDataflowPartition_1_FMPadding_Batch_0
[2022-10-18 14:46:47,949]   warnings.warn("Using pre-existing code for %s" % node.name)
[2022-10-18 14:46:47,952] /workspace/finn/src/finn/transformation/fpgadataflow/prepare_ip.py:57: UserWarning: Using pre-existing code for StreamingDataflowPartition_1_StreamingFIFO_1
[2022-10-18 14:46:47,952]   warnings.warn("Using pre-existing code for %s" % node.name)
[2022-10-18 14:46:47,955] /workspace/finn/src/finn/transformation/fpgadataflow/prepare_ip.py:57: UserWarning: Using pre-existing code for StreamingDataflowPartition_1_ConvolutionInputGenerator_0
[2022-10-18 14:46:47,955]   warnings.warn("Using pre-existing code for %s" % node.name)
[2022-10-18 14:46:47,958] /workspace/finn/src/finn/transformation/fpgadataflow/prepare_ip.py:57: UserWarning: Using pre-existing code for StreamingDataflowPartition_1_StreamingDataWidthConverter_Batch_0
[2022-10-18 14:46:47,958]   warnings.warn("Using pre-existing code for %s" % node.name)
[2022-10-18 14:46:47,961] /workspace/finn/src/finn/transformation/fpgadataflow/prepare_ip.py:57: UserWarning: Using pre-existing code for StreamingDataflowPartition_1_MatrixVectorActivation_0
[2022-10-18 14:46:47,961]   warnings.warn("Using pre-existing code for %s" % node.name)
[2022-10-18 14:46:48,095] /workspace/finn/src/finn/transformation/fpgadataflow/hlssynth_ip.py:71: UserWarning: Using pre-existing IP for StreamingDataflowPartition_1_FMPadding_Batch_0
[2022-10-18 14:46:48,095]   warnings.warn("Using pre-existing IP for %s" % node.name)
[2022-10-18 14:46:48,096] /workspace/finn/src/finn/transformation/fpgadataflow/hlssynth_ip.py:71: UserWarning: Using pre-existing IP for StreamingDataflowPartition_1_MatrixVectorActivation_0
[2022-10-18 14:46:48,097]   warnings.warn("Using pre-existing IP for %s" % node.name)
[2022-10-18 14:46:48,096] /workspace/finn/src/finn/transformation/fpgadataflow/hlssynth_ip.py:71: UserWarning: Using pre-existing IP for StreamingDataflowPartition_1_StreamingDataWidthConverter_Batch_0
[2022-10-18 14:46:48,096] /workspace/finn/src/finn/transformation/fpgadataflow/hlssynth_ip.py:71: UserWarning: Using pre-existing IP for StreamingDataflowPartition_1_ConvolutionInputGenerator_0
[2022-10-18 14:46:48,097]   warnings.warn("Using pre-existing IP for %s" % node.name)
[2022-10-18 14:46:48,097]   warnings.warn("Using pre-existing IP for %s" % node.name)
[2022-10-18 14:46:48,103] /workspace/finn/src/finn/transformation/fpgadataflow/hlssynth_ip.py:71: UserWarning: Using pre-existing IP for StreamingDataflowPartition_1_StreamingFIFO_1
[2022-10-18 14:46:48,103]   warnings.warn("Using pre-existing IP for %s" % node.name)
[2022-10-18 14:46:48,104] /workspace/finn/src/finn/transformation/fpgadataflow/hlssynth_ip.py:71: UserWarning: Using pre-existing IP for StreamingDataflowPartition_1_StreamingFIFO_0
[2022-10-18 14:46:48,104]   warnings.warn("Using pre-existing IP for %s" % node.name)
[2022-10-18 15:17:26,456] Bitfile written into output_final/split_model_BatchNormalization_10/bitfile
[2022-10-18 15:17:26,463] Running step: step_make_pynq_driver [16/17]
[2022-10-18 15:18:34,398] PYNQ Python driver written into output_final/split_model_BatchNormalization_10/driver
[2022-10-18 15:18:34,410] Running step: step_deployment_package [17/17]
