[2022-10-18 14:38:44,990] Running step: step_qonnx_to_finn [1/17]
[2022-10-18 14:38:44,995] Running step: step_tidy_up [2/17]
[2022-10-18 14:38:45,009] Running step: step_streamline [3/17]
[2022-10-18 14:38:45,284] /workspace/qonnx/src/qonnx/transformation/infer_data_layouts.py:119: UserWarning: Assuming 4D input is NCHW
[2022-10-18 14:38:45,284]   warnings.warn("Assuming 4D input is NCHW")
[2022-10-18 14:38:45,288] Running step: step_convert_to_hls [4/17]
[2022-10-18 14:38:45,315] Running step: step_create_dataflow_partition [5/17]
[2022-10-18 14:38:45,330] Running step: step_target_fps_parallelization [6/17]
[2022-10-18 14:38:45,333] /workspace/finn/src/finn/transformation/fpgadataflow/set_folding.py:203: UserWarning: Node ConvolutionInputGenerator_0 is bottleneck with 591366 cycles, running second pass
[2022-10-18 14:38:45,333]   warnings.warn(
[2022-10-18 14:38:45,339] Running step: step_apply_folding_config [7/17]
[2022-10-18 14:38:45,341] Running step: step_generate_estimate_reports [8/17]
[2022-10-18 14:38:45,342] Running step: step_hls_codegen [9/17]
[2022-10-18 14:38:45,394] Running step: step_hls_ipgen [10/17]
[2022-10-18 14:39:43,895] Running step: step_set_fifo_depths [11/17]
[2022-10-18 14:39:44,076] /workspace/finn/src/finn/transformation/fpgadataflow/prepare_ip.py:57: UserWarning: Using pre-existing code for FMPadding_Batch_0
[2022-10-18 14:39:44,076]   warnings.warn("Using pre-existing code for %s" % node.name)
[2022-10-18 14:39:44,086] /workspace/finn/src/finn/transformation/fpgadataflow/prepare_ip.py:57: UserWarning: Using pre-existing code for ConvolutionInputGenerator_0
[2022-10-18 14:39:44,086]   warnings.warn("Using pre-existing code for %s" % node.name)
[2022-10-18 14:39:44,190] /workspace/finn/src/finn/transformation/fpgadataflow/prepare_ip.py:57: UserWarning: Using pre-existing code for MatrixVectorActivation_0
[2022-10-18 14:39:44,190]   warnings.warn("Using pre-existing code for %s" % node.name)
[2022-10-18 14:39:44,273] /workspace/finn/src/finn/transformation/fpgadataflow/hlssynth_ip.py:71: UserWarning: Using pre-existing IP for MatrixVectorActivation_0
[2022-10-18 14:39:44,273]   warnings.warn("Using pre-existing IP for %s" % node.name)
[2022-10-18 14:39:44,274] /workspace/finn/src/finn/transformation/fpgadataflow/hlssynth_ip.py:71: UserWarning: Using pre-existing IP for FMPadding_Batch_0
[2022-10-18 14:39:44,275]   warnings.warn("Using pre-existing IP for %s" % node.name)
[2022-10-18 14:39:44,274] /workspace/finn/src/finn/transformation/fpgadataflow/hlssynth_ip.py:71: UserWarning: Using pre-existing IP for ConvolutionInputGenerator_0
[2022-10-18 14:39:44,275]   warnings.warn("Using pre-existing IP for %s" % node.name)
[2022-10-18 14:41:08,875] make: Entering directory '/workspace/results/MultiThreshold_12/pyverilator_ipstitched__qj2smia'
[2022-10-18 14:41:08,877] g++  -I.  -MMD -I/usr/share/verilator/include -I/usr/share/verilator/include/vltstd -DVL_PRINTF=printf -DVM_COVERAGE=0 -DVM_SC=0 -DVM_TRACE=1 -faligned-new -Wno-sign-compare -Wno-uninitialized -Wno-unused-but-set-variable -Wno-unused-parameter -Wno-unused-variable -Wno-shadow     -fPIC --std=c++11   -c -o pyverilator_wrapper.o /workspace/results/MultiThreshold_12//pyverilator_ipstitched__qj2smia/pyverilator_wrapper.cpp
[2022-10-18 14:41:08,878] g++  -I.  -MMD -I/usr/share/verilator/include -I/usr/share/verilator/include/vltstd -DVL_PRINTF=printf -DVM_COVERAGE=0 -DVM_SC=0 -DVM_TRACE=1 -faligned-new -Wno-sign-compare -Wno-uninitialized -Wno-unused-but-set-variable -Wno-unused-parameter -Wno-unused-variable -Wno-shadow     -fPIC --std=c++11   -c -o verilated.o /usr/share/verilator/include/verilated.cpp
[2022-10-18 14:41:08,878] g++  -I.  -MMD -I/usr/share/verilator/include -I/usr/share/verilator/include/vltstd -DVL_PRINTF=printf -DVM_COVERAGE=0 -DVM_SC=0 -DVM_TRACE=1 -faligned-new -Wno-sign-compare -Wno-uninitialized -Wno-unused-but-set-variable -Wno-unused-parameter -Wno-unused-variable -Wno-shadow     -fPIC --std=c++11   -c -o verilated_vcd_c.o /usr/share/verilator/include/verilated_vcd_c.cpp
[2022-10-18 14:41:08,878] /usr/bin/perl /usr/share/verilator/bin/verilator_includer -DVL_INCLUDE_OPT=include Vfinn_design_wrapper.cpp > Vfinn_design_wrapper__ALLcls.cpp
[2022-10-18 14:41:08,878] g++  -I.  -MMD -I/usr/share/verilator/include -I/usr/share/verilator/include/vltstd -DVL_PRINTF=printf -DVM_COVERAGE=0 -DVM_SC=0 -DVM_TRACE=1 -faligned-new -Wno-sign-compare -Wno-uninitialized -Wno-unused-but-set-variable -Wno-unused-parameter -Wno-unused-variable -Wno-shadow     -fPIC --std=c++11   -c -o Vfinn_design_wrapper__ALLcls.o Vfinn_design_wrapper__ALLcls.cpp
[2022-10-18 14:41:08,878] /usr/bin/perl /usr/share/verilator/bin/verilator_includer -DVL_INCLUDE_OPT=include Vfinn_design_wrapper__Trace.cpp Vfinn_design_wrapper__Syms.cpp Vfinn_design_wrapper__Trace__Slow.cpp > Vfinn_design_wrapper__ALLsup.cpp
[2022-10-18 14:41:08,878] g++  -I.  -MMD -I/usr/share/verilator/include -I/usr/share/verilator/include/vltstd -DVL_PRINTF=printf -DVM_COVERAGE=0 -DVM_SC=0 -DVM_TRACE=1 -faligned-new -Wno-sign-compare -Wno-uninitialized -Wno-unused-but-set-variable -Wno-unused-parameter -Wno-unused-variable -Wno-shadow     -fPIC --std=c++11   -c -o Vfinn_design_wrapper__ALLsup.o Vfinn_design_wrapper__ALLsup.cpp
[2022-10-18 14:41:08,878]       Archiving Vfinn_design_wrapper__ALL.a ...
[2022-10-18 14:41:08,878] ar r Vfinn_design_wrapper__ALL.a Vfinn_design_wrapper__ALLcls.o Vfinn_design_wrapper__ALLsup.o
[2022-10-18 14:41:08,878] ranlib Vfinn_design_wrapper__ALL.a
[2022-10-18 14:41:08,878] g++ -fPIC -shared pyverilator_wrapper.o verilated.o verilated_vcd_c.o Vfinn_design_wrapper__ALL.a    -o Vfinn_design_wrapper -lm -lstdc++  2>&1 | c++filt
[2022-10-18 14:41:08,878] make: Leaving directory '/workspace/results/MultiThreshold_12/pyverilator_ipstitched__qj2smia'
[2022-10-18 14:41:08,879] ar: creating Vfinn_design_wrapper__ALL.a
[2022-10-18 14:43:04,849] /workspace/finn/src/finn/transformation/fpgadataflow/prepare_ip.py:57: UserWarning: Using pre-existing code for FMPadding_Batch_0
[2022-10-18 14:43:04,850]   warnings.warn("Using pre-existing code for %s" % node.name)
[2022-10-18 14:43:04,863] /workspace/finn/src/finn/transformation/fpgadataflow/prepare_ip.py:57: UserWarning: Using pre-existing code for ConvolutionInputGenerator_0
[2022-10-18 14:43:04,863]   warnings.warn("Using pre-existing code for %s" % node.name)
[2022-10-18 14:43:04,864] /workspace/finn/src/finn/transformation/fpgadataflow/prepare_ip.py:57: UserWarning: Using pre-existing code for StreamingDataWidthConverter_Batch_0
[2022-10-18 14:43:04,864]   warnings.warn("Using pre-existing code for %s" % node.name)
[2022-10-18 14:43:04,865] /workspace/finn/src/finn/transformation/fpgadataflow/prepare_ip.py:57: UserWarning: Using pre-existing code for MatrixVectorActivation_0
[2022-10-18 14:43:04,865]   warnings.warn("Using pre-existing code for %s" % node.name)
[2022-10-18 14:43:04,965] /workspace/finn/src/finn/transformation/fpgadataflow/hlssynth_ip.py:71: UserWarning: Using pre-existing IP for MatrixVectorActivation_0
[2022-10-18 14:43:04,966]   warnings.warn("Using pre-existing IP for %s" % node.name)
[2022-10-18 14:43:04,966] /workspace/finn/src/finn/transformation/fpgadataflow/hlssynth_ip.py:71: UserWarning: Using pre-existing IP for StreamingDataWidthConverter_Batch_0
[2022-10-18 14:43:04,967]   warnings.warn("Using pre-existing IP for %s" % node.name)
[2022-10-18 14:43:04,967] /workspace/finn/src/finn/transformation/fpgadataflow/hlssynth_ip.py:71: UserWarning: Using pre-existing IP for ConvolutionInputGenerator_0
[2022-10-18 14:43:04,967]   warnings.warn("Using pre-existing IP for %s" % node.name)
[2022-10-18 14:43:04,968] /workspace/finn/src/finn/transformation/fpgadataflow/hlssynth_ip.py:71: UserWarning: Using pre-existing IP for FMPadding_Batch_0
[2022-10-18 14:43:04,969]   warnings.warn("Using pre-existing IP for %s" % node.name)
[2022-10-18 14:43:29,278] Running step: step_create_stitched_ip [12/17]
[2022-10-18 14:43:29,280] Running step: step_measure_rtlsim_performance [13/17]
[2022-10-18 14:43:29,281] Running step: step_out_of_context_synthesis [14/17]
[2022-10-18 14:43:29,283] Running step: step_synthesize_bitfile [15/17]
[2022-10-18 14:43:29,301] /workspace/finn/src/finn/transformation/fpgadataflow/floorplan.py:108: UserWarning: 8 nodes have no entry in the provided floorplan, SLR was set to -1
[2022-10-18 14:43:29,301]   warnings.warn(
[2022-10-18 14:44:53,619] /workspace/finn/src/finn/transformation/fpgadataflow/insert_fifo.py:236: UserWarning: Overriding output FIFO depth to 32
[2022-10-18 14:44:53,620]   warnings.warn("Overriding output FIFO depth to 32")
[2022-10-18 14:44:53,625] /workspace/finn/src/finn/transformation/fpgadataflow/prepare_ip.py:57: UserWarning: Using pre-existing code for StreamingDataflowPartition_1_StreamingFIFO_0
[2022-10-18 14:44:53,625]   warnings.warn("Using pre-existing code for %s" % node.name)
[2022-10-18 14:44:53,625] /workspace/finn/src/finn/transformation/fpgadataflow/prepare_ip.py:57: UserWarning: Using pre-existing code for StreamingDataflowPartition_1_FMPadding_Batch_0
[2022-10-18 14:44:53,625]   warnings.warn("Using pre-existing code for %s" % node.name)
[2022-10-18 14:44:53,625] /workspace/finn/src/finn/transformation/fpgadataflow/prepare_ip.py:57: UserWarning: Using pre-existing code for StreamingDataflowPartition_1_StreamingFIFO_1
[2022-10-18 14:44:53,625]   warnings.warn("Using pre-existing code for %s" % node.name)
[2022-10-18 14:44:53,626] /workspace/finn/src/finn/transformation/fpgadataflow/prepare_ip.py:57: UserWarning: Using pre-existing code for StreamingDataflowPartition_1_ConvolutionInputGenerator_0
[2022-10-18 14:44:53,626]   warnings.warn("Using pre-existing code for %s" % node.name)
[2022-10-18 14:44:53,626] /workspace/finn/src/finn/transformation/fpgadataflow/prepare_ip.py:57: UserWarning: Using pre-existing code for StreamingDataflowPartition_1_StreamingDataWidthConverter_Batch_0
[2022-10-18 14:44:53,626]   warnings.warn("Using pre-existing code for %s" % node.name)
[2022-10-18 14:44:53,626] /workspace/finn/src/finn/transformation/fpgadataflow/prepare_ip.py:57: UserWarning: Using pre-existing code for StreamingDataflowPartition_1_MatrixVectorActivation_0
[2022-10-18 14:44:53,626]   warnings.warn("Using pre-existing code for %s" % node.name)
[2022-10-18 14:44:53,707] /workspace/finn/src/finn/transformation/fpgadataflow/hlssynth_ip.py:71: UserWarning: Using pre-existing IP for StreamingDataflowPartition_1_FMPadding_Batch_0
[2022-10-18 14:44:53,707]   warnings.warn("Using pre-existing IP for %s" % node.name)
[2022-10-18 14:44:53,708] /workspace/finn/src/finn/transformation/fpgadataflow/hlssynth_ip.py:71: UserWarning: Using pre-existing IP for StreamingDataflowPartition_1_MatrixVectorActivation_0
[2022-10-18 14:44:53,709]   warnings.warn("Using pre-existing IP for %s" % node.name)
[2022-10-18 14:44:53,709] /workspace/finn/src/finn/transformation/fpgadataflow/hlssynth_ip.py:71: UserWarning: Using pre-existing IP for StreamingDataflowPartition_1_StreamingDataWidthConverter_Batch_0
[2022-10-18 14:44:53,709]   warnings.warn("Using pre-existing IP for %s" % node.name)
[2022-10-18 14:44:53,709] /workspace/finn/src/finn/transformation/fpgadataflow/hlssynth_ip.py:71: UserWarning: Using pre-existing IP for StreamingDataflowPartition_1_ConvolutionInputGenerator_0
[2022-10-18 14:44:53,710]   warnings.warn("Using pre-existing IP for %s" % node.name)
[2022-10-18 14:44:53,710] /workspace/finn/src/finn/transformation/fpgadataflow/hlssynth_ip.py:71: UserWarning: Using pre-existing IP for StreamingDataflowPartition_1_StreamingFIFO_1
[2022-10-18 14:44:53,711]   warnings.warn("Using pre-existing IP for %s" % node.name)
[2022-10-18 14:44:53,711] /workspace/finn/src/finn/transformation/fpgadataflow/hlssynth_ip.py:71: UserWarning: Using pre-existing IP for StreamingDataflowPartition_1_StreamingFIFO_0
[2022-10-18 14:44:53,712]   warnings.warn("Using pre-existing IP for %s" % node.name)
[2022-10-18 15:15:45,565] Bitfile written into output_final/split_model_MultiThreshold_12/bitfile
[2022-10-18 15:15:45,569] Running step: step_make_pynq_driver [16/17]
[2022-10-18 15:16:52,979] PYNQ Python driver written into output_final/split_model_MultiThreshold_12/driver
[2022-10-18 15:16:52,981] Running step: step_deployment_package [17/17]
