[2022-11-11 12:11:18,432] Running step: step_tidy_up [1/4]
[2022-11-11 12:11:25,717] Running step: custom_step_tinyyolo_preprocess [2/4]
[2022-11-11 12:11:27,986] /workspace/finn-base/src/finn/transformation/infer_data_layouts.py:119: UserWarning: Assuming 4D input is NCHW
[2022-11-11 12:11:27,986]   warnings.warn("Assuming 4D input is NCHW")
[2022-11-11 12:11:32,760] Running step: custom_step_tinyyolo_streamline [3/4]
[2022-11-11 12:12:51,080] Running step: custom_step_tinyyolo_lower [4/4]
[2022-11-11 12:39:40,615] Running step: step_convert_to_hls [1/14]
[2022-11-11 12:39:40,934] /workspace/finn/src/finn/custom_op/fpgadataflow/matrixvectoractivation.py:599: UserWarning: Clipping some thresholds in MatrixVectorActivation_MatMul_35
[2022-11-11 12:39:40,934]   warnings.warn("Clipping some thresholds in %s" % self.onnx_node.name)
[2022-11-11 12:39:40,946] /workspace/finn/src/finn/custom_op/fpgadataflow/matrixvectoractivation.py:599: UserWarning: Clipping some thresholds in MatrixVectorActivation_MatMul_38
[2022-11-11 12:39:40,946]   warnings.warn("Clipping some thresholds in %s" % self.onnx_node.name)
[2022-11-11 12:39:42,245] Running step: step_create_dataflow_partition [2/14]
[2022-11-11 12:48:34,088] Running step: step_tidy_up [1/4]
[2022-11-11 12:48:41,202] Running step: custom_step_tinyyolo_preprocess [2/4]
[2022-11-11 12:48:43,381] /workspace/finn-base/src/finn/transformation/infer_data_layouts.py:119: UserWarning: Assuming 4D input is NCHW
[2022-11-11 12:48:43,381]   warnings.warn("Assuming 4D input is NCHW")
[2022-11-11 12:48:47,996] Running step: custom_step_tinyyolo_streamline [3/4]
[2022-11-11 12:50:06,553] Running step: custom_step_tinyyolo_lower [4/4]
[2022-11-11 12:50:09,210] Running step: step_tidy_up [1/3]
[2022-11-11 12:50:16,324] Running step: custom_step_tinyyolo_preprocess [2/3]
[2022-11-11 12:50:18,508] /workspace/finn-base/src/finn/transformation/infer_data_layouts.py:119: UserWarning: Assuming 4D input is NCHW
[2022-11-11 12:50:18,508]   warnings.warn("Assuming 4D input is NCHW")
[2022-11-11 12:50:23,164] Running step: custom_step_tinyyolo_streamline [3/3]
[2022-11-11 12:51:42,907] Running step: step_tidy_up [1/3]
[2022-11-11 12:51:48,548] Running step: step_tidy_up [1/3]
[2022-11-11 12:51:55,683] Running step: custom_step_tinyyolo_preprocess [2/3]
[2022-11-11 12:51:57,914] /workspace/finn-base/src/finn/transformation/infer_data_layouts.py:119: UserWarning: Assuming 4D input is NCHW
[2022-11-11 12:51:57,914]   warnings.warn("Assuming 4D input is NCHW")
[2022-11-11 12:52:02,565] Running step: custom_step_tinyyolo_streamline [3/3]
[2022-11-11 12:52:19,280] Running step: step_tidy_up [1/3]
[2022-11-11 12:52:25,045] Running step: step_tidy_up [1/3]
[2022-11-11 12:52:32,239] Running step: custom_step_tinyyolo_preprocess [2/3]
[2022-11-11 12:52:34,447] /workspace/finn-base/src/finn/transformation/infer_data_layouts.py:119: UserWarning: Assuming 4D input is NCHW
[2022-11-11 12:52:34,447]   warnings.warn("Assuming 4D input is NCHW")
[2022-11-11 12:52:39,103] Running step: custom_step_tinyyolo_streamline [3/3]
[2022-11-14 10:13:17,521] Running step: step_convert_to_hls [1/14]
